#
# There is insufficient memory for the Java Runtime Environment to continue.
# Native memory allocation (malloc) failed to allocate 32744 bytes for ChunkPool::allocate
# Possible reasons:
#   The system is out of physical RAM or swap space
#   The process is running with CompressedOops enabled, and the Java Heap may be blocking the growth of the native heap
# Possible solutions:
#   Reduce memory load on the system
#   Increase physical memory or swap space
#   Check if swap backing store is full
#   Decrease Java heap size (-Xmx/-Xms)
#   Decrease number of Java threads
#   Decrease Java thread stack sizes (-Xss)
#   Set larger code cache with -XX:ReservedCodeCacheSize=
#   JVM is running with Unscaled Compressed Oops mode in which the Java heap is
#     placed in the first 4GB address space. The Java Heap base address is the
#     maximum limit for the native heap growth. Please use -XX:HeapBaseMinAddress
#     to set the Java Heap base and to place the Java Heap above 4GB virtual address.
# This output file may be truncated or incomplete.
#
#  Out of Memory Error (./open/src/hotspot/share/memory/arena.cpp:81), pid=13240, tid=27780
#
# JRE version: Java(TM) SE Runtime Environment 18.9 (11.0.15.1+2) (build 11.0.15.1+2-LTS-10)
# Java VM: Java HotSpot(TM) 64-Bit Server VM 18.9 (11.0.15.1+2-LTS-10, mixed mode, tiered, compressed oops, g1 gc, windows-amd64)
# No core dump will be written. Minidumps are not enabled by default on client versions of Windows
#

---------------  S U M M A R Y ------------

Command Line: -Dfile.encoding=MS949 --module-path=C:\Users\user\OneDrive\Desktop\EN#프로젝트\En#CMD\bin -Djdk.module.main=CMD CMD/start.StartCmd

Host: Intel(R) Core(TM) i3-7100U CPU @ 2.40GHz, 4 cores, 3G,  Windows 10 , 64 bit Build 19041 (10.0.19041.1706)
Time: Thu May 26 00:46:45 2022 대한민국 표준시 elapsed time: 0.535283 seconds (0d 0h 0m 0s)

---------------  T H R E A D  ---------------

Current thread (0x0000024004137800):  JavaThread "C2 CompilerThread0" daemon [_thread_in_vm, id=27780, stack(0x00000043ec500000,0x00000043ec600000)]

Stack: [0x00000043ec500000,0x00000043ec600000]
Native frames: (J=compiled Java code, j=interpreted, Vv=VM code, C=native code)
V  [jvm.dll+0x629d8a]
V  [jvm.dll+0x7638ff]
V  [jvm.dll+0x764fa9]
V  [jvm.dll+0x765633]
V  [jvm.dll+0x23d9c8]
V  [jvm.dll+0xb2c7b]
V  [jvm.dll+0xb2fdc]
V  [jvm.dll+0x1d45a3]
V  [jvm.dll+0x1d31da]
V  [jvm.dll+0x6a1d05]
V  [jvm.dll+0x689382]
V  [jvm.dll+0x177ede]
V  [jvm.dll+0x20603d]
V  [jvm.dll+0x205088]
V  [jvm.dll+0x729820]
V  [jvm.dll+0x7223f4]
V  [jvm.dll+0x628c26]
C  [ucrtbase.dll+0x21bb2]
C  [KERNEL32.DLL+0x17034]
C  [ntdll.dll+0x52651]


---------------  P R O C E S S  ---------------

Threads class SMR info:
_java_thread_list=0x00000240041353b0, length=8, elements={
0x0000024066872800, 0x000002400409b000, 0x00000240040c5000, 0x000002400412c000,
0x000002400412e800, 0x0000024004130800, 0x0000024004137800, 0x000002400415c800
}

Java Threads: ( => current thread )
  0x0000024066872800 JavaThread "main" [_thread_in_vm, id=16952, stack(0x00000043eb900000,0x00000043eba00000)]
  0x000002400409b000 JavaThread "Reference Handler" daemon [_thread_blocked, id=25656, stack(0x00000043ec000000,0x00000043ec100000)]
  0x00000240040c5000 JavaThread "Finalizer" daemon [_thread_blocked, id=27456, stack(0x00000043ec100000,0x00000043ec200000)]
  0x000002400412c000 JavaThread "Signal Dispatcher" daemon [_thread_blocked, id=25852, stack(0x00000043ec200000,0x00000043ec300000)]
  0x000002400412e800 JavaThread "Attach Listener" daemon [_thread_blocked, id=26416, stack(0x00000043ec300000,0x00000043ec400000)]
  0x0000024004130800 JavaThread "Service Thread" daemon [_thread_new, id=19024, stack(0x00000043ec400000,0x00000043ec500000)]
=>0x0000024004137800 JavaThread "C2 CompilerThread0" daemon [_thread_in_vm, id=27780, stack(0x00000043ec500000,0x00000043ec600000)]
  0x000002400415c800 JavaThread "C1 CompilerThread0" daemon [_thread_blocked, id=14740, stack(0x00000043ec600000,0x00000043ec700000)]

Other Threads:
  0x0000024004097800 VMThread "VM Thread" [stack: 0x00000043ebf00000,0x00000043ec000000] [id=23876]
  0x0000024066888800 GCTaskThread "GC Thread#0" [stack: 0x00000043eba00000,0x00000043ebb00000] [id=15364]
  0x00000240668a6000 ConcurrentGCThread "G1 Main Marker" [stack: 0x00000043ebb00000,0x00000043ebc00000] [id=1992]
  0x00000240668a7800 ConcurrentGCThread "G1 Conc#0" [stack: 0x00000043ebc00000,0x00000043ebd00000] [id=10264]
  0x0000024066900000 ConcurrentGCThread "G1 Refine#0" [stack: 0x00000043ebd00000,0x00000043ebe00000] [id=20752]
  0x0000024066903000 ConcurrentGCThread "G1 Young RemSet Sampling" [stack: 0x00000043ebe00000,0x00000043ebf00000] [id=19012]

Threads with active compile tasks:

VM state:not at safepoint (normal execution)

VM Mutex/Monitor currently owned by a thread: None

Heap address: 0x00000000c1600000, size: 1002 MB, Compressed Oops mode: 32-bit
Narrow klass base: 0x0000000000000000, Narrow klass shift: 3
Compressed class space size: 1073741824 Address: 0x0000000100000000

Heap:
 garbage-first heap   total 65536K, used 0K [0x00000000c1600000, 0x0000000100000000)
  region size 1024K, 1 young (1024K), 0 survivors (0K)
 Metaspace       used 2326K, capacity 2568K, committed 2688K, reserved 1060864K
  class space    used 194K, capacity 384K, committed 384K, reserved 1048576K
Heap Regions: E=young(eden), S=young(survivor), O=old, HS=humongous(starts), HC=humongous(continues), CS=collection set, F=free, A=archive, TAMS=top-at-mark-start (previous, next)
|   0|0x00000000c1600000, 0x00000000c1600000, 0x00000000c1700000|  0%| F|  |TAMS 0x00000000c1600000, 0x00000000c1600000| Untracked 
|   1|0x00000000c1700000, 0x00000000c1700000, 0x00000000c1800000|  0%| F|  |TAMS 0x00000000c1700000, 0x00000000c1700000| Untracked 
|   2|0x00000000c1800000, 0x00000000c1800000, 0x00000000c1900000|  0%| F|  |TAMS 0x00000000c1800000, 0x00000000c1800000| Untracked 
|   3|0x00000000c1900000, 0x00000000c1900000, 0x00000000c1a00000|  0%| F|  |TAMS 0x00000000c1900000, 0x00000000c1900000| Untracked 
|   4|0x00000000c1a00000, 0x00000000c1a00000, 0x00000000c1b00000|  0%| F|  |TAMS 0x00000000c1a00000, 0x00000000c1a00000| Untracked 
|   5|0x00000000c1b00000, 0x00000000c1b00000, 0x00000000c1c00000|  0%| F|  |TAMS 0x00000000c1b00000, 0x00000000c1b00000| Untracked 
|   6|0x00000000c1c00000, 0x00000000c1c00000, 0x00000000c1d00000|  0%| F|  |TAMS 0x00000000c1c00000, 0x00000000c1c00000| Untracked 
|   7|0x00000000c1d00000, 0x00000000c1d00000, 0x00000000c1e00000|  0%| F|  |TAMS 0x00000000c1d00000, 0x00000000c1d00000| Untracked 
|   8|0x00000000c1e00000, 0x00000000c1e00000, 0x00000000c1f00000|  0%| F|  |TAMS 0x00000000c1e00000, 0x00000000c1e00000| Untracked 
|   9|0x00000000c1f00000, 0x00000000c1f00000, 0x00000000c2000000|  0%| F|  |TAMS 0x00000000c1f00000, 0x00000000c1f00000| Untracked 
|  10|0x00000000c2000000, 0x00000000c2000000, 0x00000000c2100000|  0%| F|  |TAMS 0x00000000c2000000, 0x00000000c2000000| Untracked 
|  11|0x00000000c2100000, 0x00000000c2100000, 0x00000000c2200000|  0%| F|  |TAMS 0x00000000c2100000, 0x00000000c2100000| Untracked 
|  12|0x00000000c2200000, 0x00000000c2200000, 0x00000000c2300000|  0%| F|  |TAMS 0x00000000c2200000, 0x00000000c2200000| Untracked 
|  13|0x00000000c2300000, 0x00000000c2300000, 0x00000000c2400000|  0%| F|  |TAMS 0x00000000c2300000, 0x00000000c2300000| Untracked 
|  14|0x00000000c2400000, 0x00000000c2400000, 0x00000000c2500000|  0%| F|  |TAMS 0x00000000c2400000, 0x00000000c2400000| Untracked 
|  15|0x00000000c2500000, 0x00000000c2500000, 0x00000000c2600000|  0%| F|  |TAMS 0x00000000c2500000, 0x00000000c2500000| Untracked 
|  16|0x00000000c2600000, 0x00000000c2600000, 0x00000000c2700000|  0%| F|  |TAMS 0x00000000c2600000, 0x00000000c2600000| Untracked 
|  17|0x00000000c2700000, 0x00000000c2700000, 0x00000000c2800000|  0%| F|  |TAMS 0x00000000c2700000, 0x00000000c2700000| Untracked 
|  18|0x00000000c2800000, 0x00000000c2800000, 0x00000000c2900000|  0%| F|  |TAMS 0x00000000c2800000, 0x00000000c2800000| Untracked 
|  19|0x00000000c2900000, 0x00000000c2900000, 0x00000000c2a00000|  0%| F|  |TAMS 0x00000000c2900000, 0x00000000c2900000| Untracked 
|  20|0x00000000c2a00000, 0x00000000c2a00000, 0x00000000c2b00000|  0%| F|  |TAMS 0x00000000c2a00000, 0x00000000c2a00000| Untracked 
|  21|0x00000000c2b00000, 0x00000000c2b00000, 0x00000000c2c00000|  0%| F|  |TAMS 0x00000000c2b00000, 0x00000000c2b00000| Untracked 
|  22|0x00000000c2c00000, 0x00000000c2c00000, 0x00000000c2d00000|  0%| F|  |TAMS 0x00000000c2c00000, 0x00000000c2c00000| Untracked 
|  23|0x00000000c2d00000, 0x00000000c2d00000, 0x00000000c2e00000|  0%| F|  |TAMS 0x00000000c2d00000, 0x00000000c2d00000| Untracked 
|  24|0x00000000c2e00000, 0x00000000c2e00000, 0x00000000c2f00000|  0%| F|  |TAMS 0x00000000c2e00000, 0x00000000c2e00000| Untracked 
|  25|0x00000000c2f00000, 0x00000000c2f00000, 0x00000000c3000000|  0%| F|  |TAMS 0x00000000c2f00000, 0x00000000c2f00000| Untracked 
|  26|0x00000000c3000000, 0x00000000c3000000, 0x00000000c3100000|  0%| F|  |TAMS 0x00000000c3000000, 0x00000000c3000000| Untracked 
|  27|0x00000000c3100000, 0x00000000c3100000, 0x00000000c3200000|  0%| F|  |TAMS 0x00000000c3100000, 0x00000000c3100000| Untracked 
|  28|0x00000000c3200000, 0x00000000c3200000, 0x00000000c3300000|  0%| F|  |TAMS 0x00000000c3200000, 0x00000000c3200000| Untracked 
|  29|0x00000000c3300000, 0x00000000c3300000, 0x00000000c3400000|  0%| F|  |TAMS 0x00000000c3300000, 0x00000000c3300000| Untracked 
|  30|0x00000000c3400000, 0x00000000c3400000, 0x00000000c3500000|  0%| F|  |TAMS 0x00000000c3400000, 0x00000000c3400000| Untracked 
|  31|0x00000000c3500000, 0x00000000c3500000, 0x00000000c3600000|  0%| F|  |TAMS 0x00000000c3500000, 0x00000000c3500000| Untracked 
|  32|0x00000000c3600000, 0x00000000c3600000, 0x00000000c3700000|  0%| F|  |TAMS 0x00000000c3600000, 0x00000000c3600000| Untracked 
|  33|0x00000000c3700000, 0x00000000c3700000, 0x00000000c3800000|  0%| F|  |TAMS 0x00000000c3700000, 0x00000000c3700000| Untracked 
|  34|0x00000000c3800000, 0x00000000c3800000, 0x00000000c3900000|  0%| F|  |TAMS 0x00000000c3800000, 0x00000000c3800000| Untracked 
|  35|0x00000000c3900000, 0x00000000c3900000, 0x00000000c3a00000|  0%| F|  |TAMS 0x00000000c3900000, 0x00000000c3900000| Untracked 
|  36|0x00000000c3a00000, 0x00000000c3a00000, 0x00000000c3b00000|  0%| F|  |TAMS 0x00000000c3a00000, 0x00000000c3a00000| Untracked 
|  37|0x00000000c3b00000, 0x00000000c3b00000, 0x00000000c3c00000|  0%| F|  |TAMS 0x00000000c3b00000, 0x00000000c3b00000| Untracked 
|  38|0x00000000c3c00000, 0x00000000c3c00000, 0x00000000c3d00000|  0%| F|  |TAMS 0x00000000c3c00000, 0x00000000c3c00000| Untracked 
|  39|0x00000000c3d00000, 0x00000000c3d00000, 0x00000000c3e00000|  0%| F|  |TAMS 0x00000000c3d00000, 0x00000000c3d00000| Untracked 
|  40|0x00000000c3e00000, 0x00000000c3e00000, 0x00000000c3f00000|  0%| F|  |TAMS 0x00000000c3e00000, 0x00000000c3e00000| Untracked 
|  41|0x00000000c3f00000, 0x00000000c3f00000, 0x00000000c4000000|  0%| F|  |TAMS 0x00000000c3f00000, 0x00000000c3f00000| Untracked 
|  42|0x00000000c4000000, 0x00000000c4000000, 0x00000000c4100000|  0%| F|  |TAMS 0x00000000c4000000, 0x00000000c4000000| Untracked 
|  43|0x00000000c4100000, 0x00000000c4100000, 0x00000000c4200000|  0%| F|  |TAMS 0x00000000c4100000, 0x00000000c4100000| Untracked 
|  44|0x00000000c4200000, 0x00000000c4200000, 0x00000000c4300000|  0%| F|  |TAMS 0x00000000c4200000, 0x00000000c4200000| Untracked 
|  45|0x00000000c4300000, 0x00000000c4300000, 0x00000000c4400000|  0%| F|  |TAMS 0x00000000c4300000, 0x00000000c4300000| Untracked 
|  46|0x00000000c4400000, 0x00000000c4400000, 0x00000000c4500000|  0%| F|  |TAMS 0x00000000c4400000, 0x00000000c4400000| Untracked 
|  47|0x00000000c4500000, 0x00000000c4500000, 0x00000000c4600000|  0%| F|  |TAMS 0x00000000c4500000, 0x00000000c4500000| Untracked 
|  48|0x00000000c4600000, 0x00000000c4600000, 0x00000000c4700000|  0%| F|  |TAMS 0x00000000c4600000, 0x00000000c4600000| Untracked 
|  49|0x00000000c4700000, 0x00000000c4700000, 0x00000000c4800000|  0%| F|  |TAMS 0x00000000c4700000, 0x00000000c4700000| Untracked 
|  50|0x00000000c4800000, 0x00000000c4800000, 0x00000000c4900000|  0%| F|  |TAMS 0x00000000c4800000, 0x00000000c4800000| Untracked 
|  51|0x00000000c4900000, 0x00000000c4900000, 0x00000000c4a00000|  0%| F|  |TAMS 0x00000000c4900000, 0x00000000c4900000| Untracked 
|  52|0x00000000c4a00000, 0x00000000c4a00000, 0x00000000c4b00000|  0%| F|  |TAMS 0x00000000c4a00000, 0x00000000c4a00000| Untracked 
|  53|0x00000000c4b00000, 0x00000000c4b00000, 0x00000000c4c00000|  0%| F|  |TAMS 0x00000000c4b00000, 0x00000000c4b00000| Untracked 
|  54|0x00000000c4c00000, 0x00000000c4c00000, 0x00000000c4d00000|  0%| F|  |TAMS 0x00000000c4c00000, 0x00000000c4c00000| Untracked 
|  55|0x00000000c4d00000, 0x00000000c4d00000, 0x00000000c4e00000|  0%| F|  |TAMS 0x00000000c4d00000, 0x00000000c4d00000| Untracked 
|  56|0x00000000c4e00000, 0x00000000c4e00000, 0x00000000c4f00000|  0%| F|  |TAMS 0x00000000c4e00000, 0x00000000c4e00000| Untracked 
|  57|0x00000000c4f00000, 0x00000000c4f00000, 0x00000000c5000000|  0%| F|  |TAMS 0x00000000c4f00000, 0x00000000c4f00000| Untracked 
|  58|0x00000000c5000000, 0x00000000c5000000, 0x00000000c5100000|  0%| F|  |TAMS 0x00000000c5000000, 0x00000000c5000000| Untracked 
|  59|0x00000000c5100000, 0x00000000c5100000, 0x00000000c5200000|  0%| F|  |TAMS 0x00000000c5100000, 0x00000000c5100000| Untracked 
|  60|0x00000000c5200000, 0x00000000c5200000, 0x00000000c5300000|  0%| F|  |TAMS 0x00000000c5200000, 0x00000000c5200000| Untracked 
|  61|0x00000000c5300000, 0x00000000c5300000, 0x00000000c5400000|  0%| F|  |TAMS 0x00000000c5300000, 0x00000000c5300000| Untracked 
|  62|0x00000000c5400000, 0x00000000c5400000, 0x00000000c5500000|  0%| F|  |TAMS 0x00000000c5400000, 0x00000000c5400000| Untracked 
|  63|0x00000000c5500000, 0x00000000c55d7188, 0x00000000c5600000| 84%| E|  |TAMS 0x00000000c5500000, 0x00000000c5500000| Complete 

Card table byte_map: [0x000002407ef30000,0x000002407f130000] _byte_map_base: 0x000002407e925000

Marking Bits (Prev, Next): (CMBitMap*) 0x00000240668a1618, (CMBitMap*) 0x00000240668a1650
 Prev Bits: [0x0000024000000000, 0x0000024000fa8000)
 Next Bits: [0x0000024000fb0000, 0x0000024001f58000)

Polling page: 0x0000024068110000

Metaspace:

Usage:
  Non-class:      2.13 MB capacity,     2.08 MB ( 98%) used,    49.42 KB (  2%) free+waste,     2.25 KB ( <1%) overhead. 
      Class:    384.00 KB capacity,   194.38 KB ( 51%) used,   189.55 KB ( 49%) free+waste,    64 bytes ( <1%) overhead. 
       Both:      2.51 MB capacity,     2.27 MB ( 91%) used,   238.98 KB (  9%) free+waste,     2.31 KB ( <1%) overhead. 

Virtual space:
  Non-class space:       12.00 MB reserved,       2.25 MB ( 19%) committed 
      Class space:        1.00 GB reserved,     384.00 KB ( <1%) committed 
             Both:        1.01 GB reserved,       2.63 MB ( <1%) committed 

Chunk freelists:
   Non-Class:  7.00 KB
       Class:  0 bytes
        Both:  7.00 KB

CodeHeap 'non-profiled nmethods': size=120064Kb used=0Kb max_used=0Kb free=120064Kb
 bounds [0x00000240771c0000, 0x0000024077430000, 0x000002407e700000]
CodeHeap 'profiled nmethods': size=120000Kb used=0Kb max_used=0Kb free=120000Kb
 bounds [0x000002406fc90000, 0x000002406ff00000, 0x00000240771c0000]
CodeHeap 'non-nmethods': size=5696Kb used=968Kb max_used=968Kb free=4727Kb
 bounds [0x000002406f700000, 0x000002406f970000, 0x000002406fc90000]
 total_blobs=204 nmethods=0 adapters=131
 compilation: enabled
              stopped_count=0, restarted_count=0
 full_count=0

Compilation events (0 events):
No events

GC Heap History (0 events):
No events

Deoptimization events (0 events):
No events

Classes redefined (0 events):
No events

Internal exceptions (0 events):
No events

Events (10 events):
Event: 0.519 loading class java/lang/System$2
Event: 0.519 loading class jdk/internal/access/JavaLangAccess
Event: 0.519 loading class jdk/internal/access/JavaLangAccess done
Event: 0.519 loading class java/lang/System$2 done
Event: 0.520 loading class java/lang/IllegalArgumentException
Event: 0.520 loading class java/lang/IllegalArgumentException done
Event: 0.521 Thread 0x000002400412c000 Thread added: 0x000002400412c000
Event: 0.521 Thread 0x000002400412e800 Thread added: 0x000002400412e800
Event: 0.521 Thread 0x0000024004130800 Thread added: 0x0000024004130800
Event: 0.521 Thread 0x0000024004137800 Thread added: 0x0000024004137800


Dynamic libraries:
0x00007ff632d50000 - 0x00007ff632d5f000 	C:\Program Files\Java\jdk-11.0.15.1\bin\javaw.exe
0x00007ff9c8b50000 - 0x00007ff9c8d45000 	C:\WINDOWS\SYSTEM32\ntdll.dll
0x00007ff9c6e80000 - 0x00007ff9c6f3d000 	C:\WINDOWS\System32\KERNEL32.DLL
0x00007ff9c6480000 - 0x00007ff9c674d000 	C:\WINDOWS\System32\KERNELBASE.dll
0x00007ff9c6800000 - 0x00007ff9c6900000 	C:\WINDOWS\System32\ucrtbase.dll
0x00007ff9b63e0000 - 0x00007ff9b63f8000 	C:\Program Files\Java\jdk-11.0.15.1\bin\jli.dll
0x00007ff9c7710000 - 0x00007ff9c77be000 	C:\WINDOWS\System32\ADVAPI32.dll
0x00007ff9c8780000 - 0x00007ff9c881e000 	C:\WINDOWS\System32\msvcrt.dll
0x00007ff9c6bb0000 - 0x00007ff9c6c4c000 	C:\WINDOWS\System32\sechost.dll
0x00007ff9c83a0000 - 0x00007ff9c84c5000 	C:\WINDOWS\System32\RPCRT4.dll
0x00007ff9c8200000 - 0x00007ff9c83a0000 	C:\WINDOWS\System32\USER32.dll
0x00007ff9c6b70000 - 0x00007ff9c6b92000 	C:\WINDOWS\System32\win32u.dll
0x00007ff9c6d20000 - 0x00007ff9c6d4a000 	C:\WINDOWS\System32\GDI32.dll
0x00007ff9c69c0000 - 0x00007ff9c6acb000 	C:\WINDOWS\System32\gdi32full.dll
0x00007ff9c6ad0000 - 0x00007ff9c6b6d000 	C:\WINDOWS\System32\msvcp_win.dll
0x00007ff9b50e0000 - 0x00007ff9b50f5000 	C:\Program Files\Java\jdk-11.0.15.1\bin\VCRUNTIME140.dll
0x00007ff9b4e10000 - 0x00007ff9b50aa000 	C:\WINDOWS\WinSxS\amd64_microsoft.windows.common-controls_6595b64144ccf1df_6.0.19041.1110_none_60b5254171f9507e\COMCTL32.dll
0x00007ff9b2f90000 - 0x00007ff9b2f9a000 	C:\WINDOWS\SYSTEM32\VERSION.dll
0x00007ff9c86e0000 - 0x00007ff9c8710000 	C:\WINDOWS\System32\IMM32.DLL
0x00007ff998bb0000 - 0x00007ff998c4b000 	C:\Program Files\Java\jdk-11.0.15.1\bin\msvcp140.dll
0x00007ff9914f0000 - 0x00007ff992006000 	C:\Program Files\Java\jdk-11.0.15.1\bin\server\jvm.dll
0x00007ff9c6ba0000 - 0x00007ff9c6ba8000 	C:\WINDOWS\System32\PSAPI.DLL
0x00007ff9b13e0000 - 0x00007ff9b13e9000 	C:\WINDOWS\SYSTEM32\WSOCK32.dll
0x00007ff9c8710000 - 0x00007ff9c877b000 	C:\WINDOWS\System32\WS2_32.dll
0x00007ff9b1b70000 - 0x00007ff9b1b97000 	C:\WINDOWS\SYSTEM32\WINMM.dll
0x00007ff9c4160000 - 0x00007ff9c4172000 	C:\WINDOWS\SYSTEM32\kernel.appcore.dll
0x00007ff9968f0000 - 0x00007ff996900000 	C:\Program Files\Java\jdk-11.0.15.1\bin\verify.dll
0x00007ff9c3a10000 - 0x00007ff9c3bf4000 	C:\WINDOWS\SYSTEM32\DBGHELP.DLL
0x00007ff9abd70000 - 0x00007ff9abd9c000 	C:\WINDOWS\SYSTEM32\dbgcore.DLL
0x00007ff9c6290000 - 0x00007ff9c6312000 	C:\WINDOWS\System32\bcryptPrimitives.dll
0x00007ff9921c0000 - 0x00007ff9921e8000 	C:\Program Files\Java\jdk-11.0.15.1\bin\java.dll
0x00007ff9921b0000 - 0x00007ff9921ba000 	C:\Program Files\Java\jdk-11.0.15.1\bin\jimage.dll
0x00007ff992190000 - 0x00007ff9921a6000 	C:\Program Files\Java\jdk-11.0.15.1\bin\zip.dll
0x00007ff9c6fc0000 - 0x00007ff9c7704000 	C:\WINDOWS\System32\SHELL32.dll
0x00007ff9c4360000 - 0x00007ff9c4af4000 	C:\WINDOWS\SYSTEM32\windows.storage.dll
0x00007ff9c7df0000 - 0x00007ff9c8144000 	C:\WINDOWS\System32\combase.dll
0x00007ff9c5cc0000 - 0x00007ff9c5cec000 	C:\WINDOWS\SYSTEM32\Wldp.dll
0x00007ff9c7c50000 - 0x00007ff9c7cfd000 	C:\WINDOWS\System32\SHCORE.dll
0x00007ff9c6f60000 - 0x00007ff9c6fb5000 	C:\WINDOWS\System32\shlwapi.dll
0x00007ff9c61a0000 - 0x00007ff9c61bf000 	C:\WINDOWS\SYSTEM32\profapi.dll

dbghelp: loaded successfully - version: 4.0.5 - missing functions: none
symbol engine: initialized successfully - sym options: 0x614 - pdb path: .;C:\Program Files\Java\jdk-11.0.15.1\bin;C:\WINDOWS\SYSTEM32;C:\WINDOWS\WinSxS\amd64_microsoft.windows.common-controls_6595b64144ccf1df_6.0.19041.1110_none_60b5254171f9507e;C:\Program Files\Java\jdk-11.0.15.1\bin\server

VM Arguments:
jvm_args: -Dfile.encoding=MS949 --module-path=C:\Users\user\OneDrive\Desktop\EN#프로젝트\En#CMD\bin -Djdk.module.main=CMD 
java_command: CMD/start.StartCmd
java_class_path (initial): <not set>
Launcher Type: SUN_STANDARD

[Global flags]
     intx CICompilerCount                          = 3                                         {product} {ergonomic}
     uint ConcGCThreads                            = 1                                         {product} {ergonomic}
     uint G1ConcRefinementThreads                  = 4                                         {product} {ergonomic}
   size_t G1HeapRegionSize                         = 1048576                                   {product} {ergonomic}
    uintx GCDrainStackTargetSize                   = 64                                        {product} {ergonomic}
   size_t InitialHeapSize                          = 67108864                                  {product} {ergonomic}
   size_t MarkStackSize                            = 4194304                                   {product} {ergonomic}
   size_t MaxHeapSize                              = 1050673152                                {product} {ergonomic}
   size_t MaxNewSize                               = 630194176                                 {product} {ergonomic}
   size_t MinHeapDeltaBytes                        = 1048576                                   {product} {ergonomic}
    uintx NonNMethodCodeHeapSize                   = 5830732                                {pd product} {ergonomic}
    uintx NonProfiledCodeHeapSize                  = 122913754                              {pd product} {ergonomic}
    uintx ProfiledCodeHeapSize                     = 122913754                              {pd product} {ergonomic}
    uintx ReservedCodeCacheSize                    = 251658240                              {pd product} {ergonomic}
     bool SegmentedCodeCache                       = true                                      {product} {ergonomic}
     bool UseCompressedClassPointers               = true                                 {lp64_product} {ergonomic}
     bool UseCompressedOops                        = true                                 {lp64_product} {ergonomic}
     bool UseG1GC                                  = true                                      {product} {ergonomic}
     bool UseLargePagesIndividualAllocation        = false                                  {pd product} {ergonomic}

Logging:
Log output configuration:
 #0: stdout all=warning uptime,level,tags
 #1: stderr all=off uptime,level,tags

Environment Variables:
JAVA_HOME=C:\Program Files\Java\jdk1.8.0_221
PATH=C:/Program Files/Java/jdk-11.0.15.1/bin/server;C:/Program Files/Java/jdk-11.0.15.1/bin;C:\Program Files\Common Files\Oracle\Java\javapath;"C:\Program Files (x86)\Intel\iCLS Client\;C:\Program Files\Java\jdk1.8.0_221\bin;";C:\Program Files\Intel\iCLS Client\;C:\WINDOWS\system32;C:\WINDOWS;C:\WINDOWS\System32\Wbem;C:\WINDOWS\System32\WindowsPowerShell\v1.0\;C:\Program Files (x86)\Intel\Intel(R) Management Engine Components\DAL;C:\Program Files\Intel\Intel(R) Management Engine Components\DAL;C:\Program Files (x86)\Intel\Intel(R) Management Engine Components\IPT;C:\Program Files\Intel\Intel(R) Management Engine Components\IPT;C:\Program Files\Intel\WiFi\bin\;C:\Program Files\Common Files\Intel\WirelessCommon\;C:\WINDOWS\System32\OpenSSH\;C:\Program Files\Java\jdk1.8.0_221\bin;C:\Program Files\Git\cmd;C:\Program Files\dotnet\;C:\Program Files\MySQL\MySQL Shell 8.0\bin\;C:\Users\user\AppData\Local\Microsoft\WindowsApps;C:\Users\user\AppData\Local\atom\bin;C:\Users\user\AppData\Local\Microsoft\WindowsApps;C:\Users\user\.dotnet\tools;C:\Program Files (x86)\ESTsoft\ALSee\x64;C:\Users\user\OneDrive\Desktop;
USERNAME=user
OS=Windows_NT
PROCESSOR_IDENTIFIER=Intel64 Family 6 Model 142 Stepping 9, GenuineIntel



---------------  S Y S T E M  ---------------

OS: Windows 10 , 64 bit Build 19041 (10.0.19041.1706)

CPU:total 4 (initial active 4) (2 cores per cpu, 2 threads per core) family 6 model 142 stepping 9 microcode 0xb4, cmov, cx8, fxsr, mmx, sse, sse2, sse3, ssse3, sse4.1, sse4.2, popcnt, avx, avx2, aes, clmul, erms, 3dnowpref, lzcnt, ht, tsc, tscinvbit, bmi1, bmi2, adx, fma

Memory: 4k page, system-wide physical 4005M (285M free)
TotalPageFile size 15960M (AvailPageFile size 0M)
current process WorkingSet (physical memory assigned to process): 22M, peak: 22M
current process commit charge ("private bytes"): 124M, peak: 124M

vm_info: Java HotSpot(TM) 64-Bit Server VM (11.0.15.1+2-LTS-10) for windows-amd64 JRE (11.0.15.1+2-LTS-10), built on Apr 25 2022 21:51:57 by "mach5one" with MS VC++ 15.9 (VS2017)

END.
