#
# There is insufficient memory for the Java Runtime Environment to continue.
# Native memory allocation (mmap) failed to map 67108864 bytes for Failed to commit area from 0x00000000c1600000 to 0x00000000c5600000 of length 67108864.
# Possible reasons:
#   The system is out of physical RAM or swap space
#   The process is running with CompressedOops enabled, and the Java Heap may be blocking the growth of the native heap
# Possible solutions:
#   Reduce memory load on the system
#   Increase physical memory or swap space
#   Check if swap backing store is full
#   Decrease Java heap size (-Xmx/-Xms)
#   Decrease number of Java threads
#   Decrease Java thread stack sizes (-Xss)
#   Set larger code cache with -XX:ReservedCodeCacheSize=
# This output file may be truncated or incomplete.
#
#  Out of Memory Error (./open/src/hotspot/os/windows/os_windows.cpp:3287), pid=5308, tid=19112
#
# JRE version:  (11.0.15.1+2) (build )
# Java VM: Java HotSpot(TM) 64-Bit Server VM (11.0.15.1+2-LTS-10, mixed mode, sharing, tiered, compressed oops, g1 gc, windows-amd64)
# No core dump will be written. Minidumps are not enabled by default on client versions of Windows
#

---------------  S U M M A R Y ------------

Command Line: -Dfile.encoding=MS949 --module-path=C:\Users\user\OneDrive\Desktop\EN#프로젝트\En#CMD\bin -Djdk.module.main=CMD CMD/start.StartCmd

Host: Intel(R) Core(TM) i3-7100U CPU @ 2.40GHz, 4 cores, 3G,  Windows 10 , 64 bit Build 19041 (10.0.19041.1706)
Time: Thu May 26 00:46:12 2022 대한민국 표준시 elapsed time: 0.065757 seconds (0d 0h 0m 0s)

---------------  T H R E A D  ---------------

Current thread (0x0000022430582800):  JavaThread "Unknown thread" [_thread_in_vm, id=19112, stack(0x000000e664300000,0x000000e664400000)]

Stack: [0x000000e664300000,0x000000e664400000]
Native frames: (J=compiled Java code, j=interpreted, Vv=VM code, C=native code)
V  [jvm.dll+0x629d8a]
V  [jvm.dll+0x7638ff]
V  [jvm.dll+0x764fa9]
V  [jvm.dll+0x765633]
V  [jvm.dll+0x23d9c8]
V  [jvm.dll+0x6270aa]
V  [jvm.dll+0x61be35]
V  [jvm.dll+0x2f27dc]
V  [jvm.dll+0x2f2662]
V  [jvm.dll+0x2f7386]
V  [jvm.dll+0x339d8f]
V  [jvm.dll+0x3397c0]
V  [jvm.dll+0x2cfdf8]
V  [jvm.dll+0x2d0f66]
V  [jvm.dll+0x73df07]
V  [jvm.dll+0x73f79f]
V  [jvm.dll+0x346ab9]
V  [jvm.dll+0x723810]
V  [jvm.dll+0x3b56cf]
V  [jvm.dll+0x3b77e1]
C  [jli.dll+0x5207]
C  [ucrtbase.dll+0x21bb2]
C  [KERNEL32.DLL+0x17034]
C  [ntdll.dll+0x52651]


---------------  P R O C E S S  ---------------

Threads class SMR info:
_java_thread_list=0x000002242eb2fa30, length=0, elements={
}

Java Threads: ( => current thread )

Other Threads:
  0x0000022430598800 GCTaskThread "GC Thread#0" [stack: 0x000000e664400000,0x000000e664500000] [id=23932]
  0x00000224305b6000 ConcurrentGCThread "G1 Main Marker" [stack: 0x000000e664500000,0x000000e664600000] [id=18744]
  0x00000224305b7800 ConcurrentGCThread "G1 Conc#0" [stack: 0x000000e664600000,0x000000e664700000] [id=18048]

[error occurred during error reporting (printing all threads), id 0xc0000005, EXCEPTION_ACCESS_VIOLATION (0xc0000005) at pc=0x00007ff9917cf087]

VM state:not at safepoint (not fully initialized)

VM Mutex/Monitor currently owned by a thread:  ([mutex/lock_event])
[0x0000022430580fc0] Heap_lock - owner thread: 0x0000022430582800

Heap address: 0x00000000c1600000, size: 1002 MB, Compressed Oops mode: Non-zero based: 0x00000000c1600000
Narrow klass base: 0x0000000000000000, Narrow klass shift: 0

GC Heap History (0 events):
No events

Deoptimization events (0 events):
No events

Classes redefined (0 events):
No events

Internal exceptions (0 events):
No events

Events (0 events):
No events


Dynamic libraries:
0x00007ff632d50000 - 0x00007ff632d5f000 	C:\Program Files\Java\jdk-11.0.15.1\bin\javaw.exe
0x00007ff9c8b50000 - 0x00007ff9c8d45000 	C:\WINDOWS\SYSTEM32\ntdll.dll
0x00007ff9c6e80000 - 0x00007ff9c6f3d000 	C:\WINDOWS\System32\KERNEL32.DLL
0x00007ff9c6480000 - 0x00007ff9c674d000 	C:\WINDOWS\System32\KERNELBASE.dll
0x00007ff9c6800000 - 0x00007ff9c6900000 	C:\WINDOWS\System32\ucrtbase.dll
0x00007ff9b63e0000 - 0x00007ff9b63f8000 	C:\Program Files\Java\jdk-11.0.15.1\bin\jli.dll
0x00007ff9c7710000 - 0x00007ff9c77be000 	C:\WINDOWS\System32\ADVAPI32.dll
0x00007ff9c8780000 - 0x00007ff9c881e000 	C:\WINDOWS\System32\msvcrt.dll
0x00007ff9c6bb0000 - 0x00007ff9c6c4c000 	C:\WINDOWS\System32\sechost.dll
0x00007ff9c83a0000 - 0x00007ff9c84c5000 	C:\WINDOWS\System32\RPCRT4.dll
0x00007ff9c8200000 - 0x00007ff9c83a0000 	C:\WINDOWS\System32\USER32.dll
0x00007ff9c6b70000 - 0x00007ff9c6b92000 	C:\WINDOWS\System32\win32u.dll
0x00007ff9c6d20000 - 0x00007ff9c6d4a000 	C:\WINDOWS\System32\GDI32.dll
0x00007ff9c69c0000 - 0x00007ff9c6acb000 	C:\WINDOWS\System32\gdi32full.dll
0x00007ff9c6ad0000 - 0x00007ff9c6b6d000 	C:\WINDOWS\System32\msvcp_win.dll
0x00007ff9b50e0000 - 0x00007ff9b50f5000 	C:\Program Files\Java\jdk-11.0.15.1\bin\VCRUNTIME140.dll
0x00007ff9b4e10000 - 0x00007ff9b50aa000 	C:\WINDOWS\WinSxS\amd64_microsoft.windows.common-controls_6595b64144ccf1df_6.0.19041.1110_none_60b5254171f9507e\COMCTL32.dll
0x00007ff9b2f90000 - 0x00007ff9b2f9a000 	C:\WINDOWS\SYSTEM32\VERSION.dll
0x00007ff9c86e0000 - 0x00007ff9c8710000 	C:\WINDOWS\System32\IMM32.DLL
0x00007ff998bb0000 - 0x00007ff998c4b000 	C:\Program Files\Java\jdk-11.0.15.1\bin\msvcp140.dll
0x00007ff9914f0000 - 0x00007ff992006000 	C:\Program Files\Java\jdk-11.0.15.1\bin\server\jvm.dll
0x00007ff9c6ba0000 - 0x00007ff9c6ba8000 	C:\WINDOWS\System32\PSAPI.DLL
0x00007ff9b13e0000 - 0x00007ff9b13e9000 	C:\WINDOWS\SYSTEM32\WSOCK32.dll
0x00007ff9c8710000 - 0x00007ff9c877b000 	C:\WINDOWS\System32\WS2_32.dll
0x00007ff9b1b70000 - 0x00007ff9b1b97000 	C:\WINDOWS\SYSTEM32\WINMM.dll
0x00007ff9c4160000 - 0x00007ff9c4172000 	C:\WINDOWS\SYSTEM32\kernel.appcore.dll
0x00007ff9968f0000 - 0x00007ff996900000 	C:\Program Files\Java\jdk-11.0.15.1\bin\verify.dll
0x00007ff9c3a10000 - 0x00007ff9c3bf4000 	C:\WINDOWS\SYSTEM32\DBGHELP.DLL
0x00007ff9abd70000 - 0x00007ff9abd9c000 	C:\WINDOWS\SYSTEM32\dbgcore.DLL
0x00007ff9c6290000 - 0x00007ff9c6312000 	C:\WINDOWS\System32\bcryptPrimitives.dll
0x00007ff9921c0000 - 0x00007ff9921e8000 	C:\Program Files\Java\jdk-11.0.15.1\bin\java.dll
0x00007ff9921b0000 - 0x00007ff9921ba000 	C:\Program Files\Java\jdk-11.0.15.1\bin\jimage.dll
0x00007ff992190000 - 0x00007ff9921a6000 	C:\Program Files\Java\jdk-11.0.15.1\bin\zip.dll

dbghelp: loaded successfully - version: 4.0.5 - missing functions: none
symbol engine: initialized successfully - sym options: 0x614 - pdb path: .;C:\Program Files\Java\jdk-11.0.15.1\bin;C:\WINDOWS\SYSTEM32;C:\WINDOWS\WinSxS\amd64_microsoft.windows.common-controls_6595b64144ccf1df_6.0.19041.1110_none_60b5254171f9507e;C:\Program Files\Java\jdk-11.0.15.1\bin\server

VM Arguments:
jvm_args: -Dfile.encoding=MS949 --module-path=C:\Users\user\OneDrive\Desktop\EN#프로젝트\En#CMD\bin -Djdk.module.main=CMD 
java_command: CMD/start.StartCmd
java_class_path (initial): <not set>
Launcher Type: SUN_STANDARD

[Global flags]
     intx CICompilerCount                          = 3                                         {product} {ergonomic}
     uint ConcGCThreads                            = 1                                         {product} {ergonomic}
     uint G1ConcRefinementThreads                  = 4                                         {product} {ergonomic}
   size_t G1HeapRegionSize                         = 1048576                                   {product} {ergonomic}
    uintx GCDrainStackTargetSize                   = 64                                        {product} {ergonomic}
   size_t InitialHeapSize                          = 67108864                                  {product} {ergonomic}
   size_t MarkStackSize                            = 4194304                                   {product} {ergonomic}
   size_t MaxHeapSize                              = 1050673152                                {product} {ergonomic}
   size_t MinHeapDeltaBytes                        = 1048576                                   {product} {ergonomic}
    uintx NonNMethodCodeHeapSize                   = 5830732                                {pd product} {ergonomic}
    uintx NonProfiledCodeHeapSize                  = 122913754                              {pd product} {ergonomic}
    uintx ProfiledCodeHeapSize                     = 122913754                              {pd product} {ergonomic}
    uintx ReservedCodeCacheSize                    = 251658240                              {pd product} {ergonomic}
     bool SegmentedCodeCache                       = true                                      {product} {ergonomic}
     bool UseCompressedClassPointers               = true                                 {lp64_product} {ergonomic}
     bool UseCompressedOops                        = true                                 {lp64_product} {ergonomic}
     bool UseG1GC                                  = true                                      {product} {ergonomic}
     bool UseLargePagesIndividualAllocation        = false                                  {pd product} {ergonomic}

Logging:
Log output configuration:
 #0: stdout all=warning uptime,level,tags
 #1: stderr all=off uptime,level,tags

Environment Variables:
JAVA_HOME=C:\Program Files\Java\jdk1.8.0_221
PATH=C:/Program Files/Java/jdk-11.0.15.1/bin/server;C:/Program Files/Java/jdk-11.0.15.1/bin;C:\Program Files\Common Files\Oracle\Java\javapath;"C:\Program Files (x86)\Intel\iCLS Client\;C:\Program Files\Java\jdk1.8.0_221\bin;";C:\Program Files\Intel\iCLS Client\;C:\WINDOWS\system32;C:\WINDOWS;C:\WINDOWS\System32\Wbem;C:\WINDOWS\System32\WindowsPowerShell\v1.0\;C:\Program Files (x86)\Intel\Intel(R) Management Engine Components\DAL;C:\Program Files\Intel\Intel(R) Management Engine Components\DAL;C:\Program Files (x86)\Intel\Intel(R) Management Engine Components\IPT;C:\Program Files\Intel\Intel(R) Management Engine Components\IPT;C:\Program Files\Intel\WiFi\bin\;C:\Program Files\Common Files\Intel\WirelessCommon\;C:\WINDOWS\System32\OpenSSH\;C:\Program Files\Java\jdk1.8.0_221\bin;C:\Program Files\Git\cmd;C:\Program Files\dotnet\;C:\Program Files\MySQL\MySQL Shell 8.0\bin\;C:\Users\user\AppData\Local\Microsoft\WindowsApps;C:\Users\user\AppData\Local\atom\bin;C:\Users\user\AppData\Local\Microsoft\WindowsApps;C:\Users\user\.dotnet\tools;C:\Program Files (x86)\ESTsoft\ALSee\x64;C:\Users\user\OneDrive\Desktop;
USERNAME=user
OS=Windows_NT
PROCESSOR_IDENTIFIER=Intel64 Family 6 Model 142 Stepping 9, GenuineIntel



---------------  S Y S T E M  ---------------

OS: Windows 10 , 64 bit Build 19041 (10.0.19041.1706)

CPU:total 4 (initial active 4) (2 cores per cpu, 2 threads per core) family 6 model 142 stepping 9 microcode 0xb4, cmov, cx8, fxsr, mmx, sse, sse2, sse3, ssse3, sse4.1, sse4.2, popcnt, avx, avx2, aes, clmul, erms, 3dnowpref, lzcnt, ht, tsc, tscinvbit, bmi1, bmi2, adx, fma

Memory: 4k page, system-wide physical 4005M (280M free)
TotalPageFile size 15960M (AvailPageFile size 37M)
current process WorkingSet (physical memory assigned to process): 10M, peak: 10M
current process commit charge ("private bytes"): 51M, peak: 115M

vm_info: Java HotSpot(TM) 64-Bit Server VM (11.0.15.1+2-LTS-10) for windows-amd64 JRE (11.0.15.1+2-LTS-10), built on Apr 25 2022 21:51:57 by "mach5one" with MS VC++ 15.9 (VS2017)

END.
