#
# There is insufficient memory for the Java Runtime Environment to continue.
# Native memory allocation (malloc) failed to allocate 524288 bytes for AllocateHeap
# Possible reasons:
#   The system is out of physical RAM or swap space
#   The process is running with CompressedOops enabled, and the Java Heap may be blocking the growth of the native heap
# Possible solutions:
#   Reduce memory load on the system
#   Increase physical memory or swap space
#   Check if swap backing store is full
#   Decrease Java heap size (-Xmx/-Xms)
#   Decrease number of Java threads
#   Decrease Java thread stack sizes (-Xss)
#   Set larger code cache with -XX:ReservedCodeCacheSize=
#   JVM is running with Unscaled Compressed Oops mode in which the Java heap is
#     placed in the first 4GB address space. The Java Heap base address is the
#     maximum limit for the native heap growth. Please use -XX:HeapBaseMinAddress
#     to set the Java Heap base and to place the Java Heap above 4GB virtual address.
# This output file may be truncated or incomplete.
#
#  Out of Memory Error (./open/src/hotspot/share/memory/allocation.cpp:46), pid=27904, tid=28236
#
# JRE version:  (11.0.15.1+2) (build )
# Java VM: Java HotSpot(TM) 64-Bit Server VM (11.0.15.1+2-LTS-10, mixed mode, tiered, compressed oops, g1 gc, windows-amd64)
# No core dump will be written. Minidumps are not enabled by default on client versions of Windows
#

---------------  S U M M A R Y ------------

Command Line: -Dfile.encoding=MS949 --module-path=C:\Users\user\OneDrive\Desktop\EN#프로젝트\CMDproject\bin -Djdk.module.main=CMD CMD/start.StartCmd

Host: Intel(R) Core(TM) i3-7100U CPU @ 2.40GHz, 4 cores, 3G,  Windows 10 , 64 bit Build 19041 (10.0.19041.1706)
Time: Sun May 29 13:59:17 2022 대한민국 표준시 elapsed time: 0.078954 seconds (0d 0h 0m 0s)

---------------  T H R E A D  ---------------

Current thread (0x000001c8d2c44800):  JavaThread "Unknown thread" [_thread_in_vm, id=28236, stack(0x0000004a50600000,0x0000004a50700000)]

Stack: [0x0000004a50600000,0x0000004a50700000]
Native frames: (J=compiled Java code, j=interpreted, Vv=VM code, C=native code)
V  [jvm.dll+0x629d8a]
V  [jvm.dll+0x7638ff]
V  [jvm.dll+0x764fa9]
V  [jvm.dll+0x765633]
V  [jvm.dll+0x23d9c8]
V  [jvm.dll+0xb1494]
V  [jvm.dll+0x6bc7d2]
V  [jvm.dll+0x6bc767]
V  [jvm.dll+0x6bc8da]
V  [jvm.dll+0x73d332]
V  [jvm.dll+0x73f9fe]
V  [jvm.dll+0x346ab9]
V  [jvm.dll+0x723810]
V  [jvm.dll+0x3b56cf]
V  [jvm.dll+0x3b77e1]
C  [jli.dll+0x5207]
C  [ucrtbase.dll+0x21bb2]
C  [KERNEL32.DLL+0x17034]
C  [ntdll.dll+0x52651]


---------------  P R O C E S S  ---------------

Threads class SMR info:
_java_thread_list=0x000001c8d2b50f00, length=0, elements={
}

Java Threads: ( => current thread )

Other Threads:
  0x000001c8d2c5a000 GCTaskThread "GC Thread#0" [stack: 0x0000004a50700000,0x0000004a50800000] [id=27360]
  0x000001c8d2c77000 ConcurrentGCThread "G1 Main Marker" [stack: 0x0000004a50800000,0x0000004a50900000] [id=9564]
  0x000001c8d2c78800 ConcurrentGCThread "G1 Conc#0" [stack: 0x0000004a50900000,0x0000004a50a00000] [id=27584]
  0x000001c8d2cd3800 ConcurrentGCThread "G1 Refine#0" [stack: 0x0000004a50a00000,0x0000004a50b00000] [id=27128]
  0x000001c8d2cd6800 ConcurrentGCThread "G1 Young RemSet Sampling" [stack: 0x0000004a50b00000,0x0000004a50c00000] [id=26688]

=>0x000001c8d2c44800 (exited) JavaThread "Unknown thread" [_thread_in_vm, id=28236, stack(0x0000004a50600000,0x0000004a50700000)]

Threads with active compile tasks:

VM state:not at safepoint (not fully initialized)

VM Mutex/Monitor currently owned by a thread: None

Heap address: 0x00000000c1600000, size: 1002 MB, Compressed Oops mode: 32-bit
Narrow klass base: 0x0000000000000000, Narrow klass shift: 3
Compressed class space size: 1073741824 Address: 0x0000000100000000

GC Heap History (0 events):
No events

Deoptimization events (0 events):
No events

Classes redefined (0 events):
No events

Internal exceptions (0 events):
No events

Events (0 events):
No events


Dynamic libraries:
0x00007ff602670000 - 0x00007ff60267f000 	C:\Program Files\Java\jdk-11.0.15.1\bin\javaw.exe
0x00007fff0c090000 - 0x00007fff0c285000 	C:\WINDOWS\SYSTEM32\ntdll.dll
0x00007fff0adc0000 - 0x00007fff0ae7d000 	C:\WINDOWS\System32\KERNEL32.DLL
0x00007fff098b0000 - 0x00007fff09b7d000 	C:\WINDOWS\System32\KERNELBASE.dll
0x00007fff09b80000 - 0x00007fff09c80000 	C:\WINDOWS\System32\ucrtbase.dll
0x00007fff01830000 - 0x00007fff01848000 	C:\Program Files\Java\jdk-11.0.15.1\bin\jli.dll
0x00007fff0ad10000 - 0x00007fff0adbe000 	C:\WINDOWS\System32\ADVAPI32.dll
0x00007fff0b3a0000 - 0x00007fff0b43e000 	C:\WINDOWS\System32\msvcrt.dll
0x00007fff0a370000 - 0x00007fff0a40c000 	C:\WINDOWS\System32\sechost.dll
0x00007fff0ab80000 - 0x00007fff0aca5000 	C:\WINDOWS\System32\RPCRT4.dll
0x00007fff0a9e0000 - 0x00007fff0ab80000 	C:\WINDOWS\System32\USER32.dll
0x00007fff09d40000 - 0x00007fff09d62000 	C:\WINDOWS\System32\win32u.dll
0x00007fff0a0e0000 - 0x00007fff0a10a000 	C:\WINDOWS\System32\GDI32.dll
0x00007fff097a0000 - 0x00007fff098ab000 	C:\WINDOWS\System32\gdi32full.dll
0x00007fff09f80000 - 0x00007fff0a01d000 	C:\WINDOWS\System32\msvcp_win.dll
0x00007ffed3730000 - 0x00007ffed3745000 	C:\Program Files\Java\jdk-11.0.15.1\bin\VCRUNTIME140.dll
0x00007ffef5960000 - 0x00007ffef5bfa000 	C:\WINDOWS\WinSxS\amd64_microsoft.windows.common-controls_6595b64144ccf1df_6.0.19041.1110_none_60b5254171f9507e\COMCTL32.dll
0x00007ffef5fe0000 - 0x00007ffef5fea000 	C:\WINDOWS\SYSTEM32\VERSION.dll
0x00007fff0a9b0000 - 0x00007fff0a9e0000 	C:\WINDOWS\System32\IMM32.DLL
0x00007ffecc200000 - 0x00007ffecc29b000 	C:\Program Files\Java\jdk-11.0.15.1\bin\msvcp140.dll
0x00007ffedb4d0000 - 0x00007ffedbfe6000 	C:\Program Files\Java\jdk-11.0.15.1\bin\server\jvm.dll
0x00007fff0a2f0000 - 0x00007fff0a2f8000 	C:\WINDOWS\System32\PSAPI.DLL
0x00007ffef61b0000 - 0x00007ffef61b9000 	C:\WINDOWS\SYSTEM32\WSOCK32.dll
0x00007fff0a300000 - 0x00007fff0a36b000 	C:\WINDOWS\System32\WS2_32.dll
0x00007ffef7240000 - 0x00007ffef7267000 	C:\WINDOWS\SYSTEM32\WINMM.dll
0x00007fff08030000 - 0x00007fff08042000 	C:\WINDOWS\SYSTEM32\kernel.appcore.dll
0x00007fff03100000 - 0x00007fff03110000 	C:\Program Files\Java\jdk-11.0.15.1\bin\verify.dll
0x00007fff07d40000 - 0x00007fff07f24000 	C:\WINDOWS\SYSTEM32\DBGHELP.DLL
0x00007ffef4550000 - 0x00007ffef457c000 	C:\WINDOWS\SYSTEM32\dbgcore.DLL
0x00007fff09c80000 - 0x00007fff09d02000 	C:\WINDOWS\System32\bcryptPrimitives.dll
0x00007ffedb4a0000 - 0x00007ffedb4c8000 	C:\Program Files\Java\jdk-11.0.15.1\bin\java.dll
0x00007fff028a0000 - 0x00007fff028aa000 	C:\Program Files\Java\jdk-11.0.15.1\bin\jimage.dll
0x00007ffef0360000 - 0x00007ffef0376000 	C:\Program Files\Java\jdk-11.0.15.1\bin\zip.dll

dbghelp: loaded successfully - version: 4.0.5 - missing functions: none
symbol engine: initialized successfully - sym options: 0x614 - pdb path: .;C:\Program Files\Java\jdk-11.0.15.1\bin;C:\WINDOWS\SYSTEM32;C:\WINDOWS\WinSxS\amd64_microsoft.windows.common-controls_6595b64144ccf1df_6.0.19041.1110_none_60b5254171f9507e;C:\Program Files\Java\jdk-11.0.15.1\bin\server

VM Arguments:
jvm_args: -Dfile.encoding=MS949 --module-path=C:\Users\user\OneDrive\Desktop\EN#프로젝트\CMDproject\bin -Djdk.module.main=CMD 
java_command: CMD/start.StartCmd
java_class_path (initial): <not set>
Launcher Type: SUN_STANDARD

[Global flags]
     intx CICompilerCount                          = 3                                         {product} {ergonomic}
     uint ConcGCThreads                            = 1                                         {product} {ergonomic}
     uint G1ConcRefinementThreads                  = 4                                         {product} {ergonomic}
   size_t G1HeapRegionSize                         = 1048576                                   {product} {ergonomic}
    uintx GCDrainStackTargetSize                   = 64                                        {product} {ergonomic}
   size_t InitialHeapSize                          = 67108864                                  {product} {ergonomic}
   size_t MarkStackSize                            = 4194304                                   {product} {ergonomic}
   size_t MaxHeapSize                              = 1050673152                                {product} {ergonomic}
   size_t MaxNewSize                               = 630194176                                 {product} {ergonomic}
   size_t MinHeapDeltaBytes                        = 1048576                                   {product} {ergonomic}
    uintx NonNMethodCodeHeapSize                   = 5830732                                {pd product} {ergonomic}
    uintx NonProfiledCodeHeapSize                  = 122913754                              {pd product} {ergonomic}
    uintx ProfiledCodeHeapSize                     = 122913754                              {pd product} {ergonomic}
    uintx ReservedCodeCacheSize                    = 251658240                              {pd product} {ergonomic}
     bool SegmentedCodeCache                       = true                                      {product} {ergonomic}
     bool UseCompressedClassPointers               = true                                 {lp64_product} {ergonomic}
     bool UseCompressedOops                        = true                                 {lp64_product} {ergonomic}
     bool UseG1GC                                  = true                                      {product} {ergonomic}
     bool UseLargePagesIndividualAllocation        = false                                  {pd product} {ergonomic}

Logging:
Log output configuration:
 #0: stdout all=warning uptime,level,tags
 #1: stderr all=off uptime,level,tags

Environment Variables:
JAVA_HOME=C:\Program Files\Java\jdk1.8.0_221
PATH=C:/Program Files/Java/jdk-11.0.15.1/bin/server;C:/Program Files/Java/jdk-11.0.15.1/bin;C:\Program Files\Common Files\Oracle\Java\javapath;"C:\Program Files (x86)\Intel\iCLS Client\;C:\Program Files\Java\jdk1.8.0_221\bin;";C:\Program Files\Intel\iCLS Client\;C:\WINDOWS\system32;C:\WINDOWS;C:\WINDOWS\System32\Wbem;C:\WINDOWS\System32\WindowsPowerShell\v1.0\;C:\Program Files (x86)\Intel\Intel(R) Management Engine Components\DAL;C:\Program Files\Intel\Intel(R) Management Engine Components\DAL;C:\Program Files (x86)\Intel\Intel(R) Management Engine Components\IPT;C:\Program Files\Intel\Intel(R) Management Engine Components\IPT;C:\Program Files\Intel\WiFi\bin\;C:\Program Files\Common Files\Intel\WirelessCommon\;C:\WINDOWS\System32\OpenSSH\;C:\Program Files\Java\jdk1.8.0_221\bin;C:\Program Files\Git\cmd;C:\Program Files\dotnet\;C:\Program Files\MySQL\MySQL Shell 8.0\bin\;C:\Users\user\AppData\Local\Microsoft\WindowsApps;C:\Users\user\AppData\Local\atom\bin;C:\Users\user\AppData\Local\Microsoft\WindowsApps;C:\Users\user\.dotnet\tools;C:\Users\user\OneDrive\Desktop;
USERNAME=user
OS=Windows_NT
PROCESSOR_IDENTIFIER=Intel64 Family 6 Model 142 Stepping 9, GenuineIntel



---------------  S Y S T E M  ---------------

OS: Windows 10 , 64 bit Build 19041 (10.0.19041.1706)

CPU:total 4 (initial active 4) (2 cores per cpu, 2 threads per core) family 6 model 142 stepping 9 microcode 0xb4, cmov, cx8, fxsr, mmx, sse, sse2, sse3, ssse3, sse4.1, sse4.2, popcnt, avx, avx2, aes, clmul, erms, 3dnowpref, lzcnt, ht, tsc, tscinvbit, bmi1, bmi2, adx, fma

Memory: 4k page, system-wide physical 4005M (415M free)
TotalPageFile size 16293M (AvailPageFile size 5M)
current process WorkingSet (physical memory assigned to process): 13M, peak: 13M
current process commit charge ("private bytes"): 119M, peak: 119M

vm_info: Java HotSpot(TM) 64-Bit Server VM (11.0.15.1+2-LTS-10) for windows-amd64 JRE (11.0.15.1+2-LTS-10), built on Apr 25 2022 21:51:57 by "mach5one" with MS VC++ 15.9 (VS2017)

END.
