#
# There is insufficient memory for the Java Runtime Environment to continue.
# Native memory allocation (malloc) failed to allocate 228816 bytes for Chunk::new
# Possible reasons:
#   The system is out of physical RAM or swap space
#   The process is running with CompressedOops enabled, and the Java Heap may be blocking the growth of the native heap
# Possible solutions:
#   Reduce memory load on the system
#   Increase physical memory or swap space
#   Check if swap backing store is full
#   Decrease Java heap size (-Xmx/-Xms)
#   Decrease number of Java threads
#   Decrease Java thread stack sizes (-Xss)
#   Set larger code cache with -XX:ReservedCodeCacheSize=
#   JVM is running with Unscaled Compressed Oops mode in which the Java heap is
#     placed in the first 4GB address space. The Java Heap base address is the
#     maximum limit for the native heap growth. Please use -XX:HeapBaseMinAddress
#     to set the Java Heap base and to place the Java Heap above 4GB virtual address.
# This output file may be truncated or incomplete.
#
#  Out of Memory Error (./open/src/hotspot/share/memory/arena.cpp:197), pid=27580, tid=21020
#
# JRE version: Java(TM) SE Runtime Environment 18.9 (11.0.15.1+2) (build 11.0.15.1+2-LTS-10)
# Java VM: Java HotSpot(TM) 64-Bit Server VM 18.9 (11.0.15.1+2-LTS-10, mixed mode, tiered, compressed oops, g1 gc, windows-amd64)
# No core dump will be written. Minidumps are not enabled by default on client versions of Windows
#

---------------  S U M M A R Y ------------

Command Line: -Dfile.encoding=MS949 --module-path=C:\Users\user\OneDrive\Desktop\EN#프로젝트\CMDproject\bin -Djdk.module.main=CMD CMD/start.StartCmd

Host: Intel(R) Core(TM) i3-7100U CPU @ 2.40GHz, 4 cores, 3G,  Windows 10 , 64 bit Build 19041 (10.0.19041.1706)
Time: Sun May 29 13:59:04 2022 대한민국 표준시 elapsed time: 0.827782 seconds (0d 0h 0m 0s)

---------------  T H R E A D  ---------------

Current thread (0x000001b7c34e3800):  JavaThread "C2 CompilerThread0" daemon [_thread_in_native, id=21020, stack(0x000000742dc00000,0x000000742dd00000)]


Current CompileTask:
C2:    828  195       4       java.util.HashMap::putVal (300 bytes)

Stack: [0x000000742dc00000,0x000000742dd00000]
Native frames: (J=compiled Java code, j=interpreted, Vv=VM code, C=native code)
V  [jvm.dll+0x629d8a]
V  [jvm.dll+0x7638ff]
V  [jvm.dll+0x764fa9]
V  [jvm.dll+0x765633]
V  [jvm.dll+0x23d9c8]
V  [jvm.dll+0xb2a1c]
V  [jvm.dll+0xb2fdc]
V  [jvm.dll+0x341002]
V  [jvm.dll+0x30e9b3]
V  [jvm.dll+0x30dcfa]
V  [jvm.dll+0x1f8565]
V  [jvm.dll+0x1f774d]
V  [jvm.dll+0x177c51]
V  [jvm.dll+0x207026]
V  [jvm.dll+0x2051bb]
V  [jvm.dll+0x729820]
V  [jvm.dll+0x7223f4]
V  [jvm.dll+0x628c26]
C  [ucrtbase.dll+0x21bb2]
C  [KERNEL32.DLL+0x17034]
C  [ntdll.dll+0x52651]


---------------  P R O C E S S  ---------------

Threads class SMR info:
_java_thread_list=0x000001b7c365e8c0, length=10, elements={
0x000001b7a7bba000, 0x000001b7c343b000, 0x000001b7c3465000, 0x000001b7c34cd000,
0x000001b7c34ce000, 0x000001b7c34da000, 0x000001b7c34e3800, 0x000001b7c34e4800,
0x000001b7c34f8800, 0x000001b7c34fc000
}

Java Threads: ( => current thread )
  0x000001b7a7bba000 JavaThread "main" [_thread_in_vm, id=24148, stack(0x000000742d000000,0x000000742d100000)]
  0x000001b7c343b000 JavaThread "Reference Handler" daemon [_thread_blocked, id=7576, stack(0x000000742d700000,0x000000742d800000)]
  0x000001b7c3465000 JavaThread "Finalizer" daemon [_thread_blocked, id=28948, stack(0x000000742d800000,0x000000742d900000)]
  0x000001b7c34cd000 JavaThread "Signal Dispatcher" daemon [_thread_blocked, id=19200, stack(0x000000742d900000,0x000000742da00000)]
  0x000001b7c34ce000 JavaThread "Attach Listener" daemon [_thread_blocked, id=28652, stack(0x000000742da00000,0x000000742db00000)]
  0x000001b7c34da000 JavaThread "Service Thread" daemon [_thread_blocked, id=1388, stack(0x000000742db00000,0x000000742dc00000)]
=>0x000001b7c34e3800 JavaThread "C2 CompilerThread0" daemon [_thread_in_native, id=21020, stack(0x000000742dc00000,0x000000742dd00000)]
  0x000001b7c34e4800 JavaThread "C1 CompilerThread0" daemon [_thread_in_vm, id=27488, stack(0x000000742dd00000,0x000000742de00000)]
  0x000001b7c34f8800 JavaThread "Sweeper thread" daemon [_thread_blocked, id=20756, stack(0x000000742de00000,0x000000742df00000)]
  0x000001b7c34fc000 JavaThread "Common-Cleaner" daemon [_thread_blocked, id=21728, stack(0x000000742df00000,0x000000742e000000)]

Other Threads:
  0x000001b7c3438000 VMThread "VM Thread" [stack: 0x000000742d600000,0x000000742d700000] [id=29960]
  0x000001b7c37b0000 WatcherThread [stack: 0x000000742e000000,0x000000742e100000] [id=16216]
  0x000001b7a7bcf800 GCTaskThread "GC Thread#0" [stack: 0x000000742d100000,0x000000742d200000] [id=16156]
  0x000001b7a7be6800 ConcurrentGCThread "G1 Main Marker" [stack: 0x000000742d200000,0x000000742d300000] [id=19444]
  0x000001b7a7be7800 ConcurrentGCThread "G1 Conc#0" [stack: 0x000000742d300000,0x000000742d400000] [id=24624]
  0x000001b7a7c3f800 ConcurrentGCThread "G1 Refine#0" [stack: 0x000000742d400000,0x000000742d500000] [id=1296]
  0x000001b7a7c40800 ConcurrentGCThread "G1 Young RemSet Sampling" [stack: 0x000000742d500000,0x000000742d600000] [id=25860]

Threads with active compile tasks:
C2 CompilerThread0    908  195       4       java.util.HashMap::putVal (300 bytes)
C1 CompilerThread0    908  212       3       java.lang.invoke.MethodType$ConcurrentWeakInternSet::get (54 bytes)

VM state:not at safepoint (normal execution)

VM Mutex/Monitor currently owned by a thread: None

Heap address: 0x00000000c1600000, size: 1002 MB, Compressed Oops mode: 32-bit
Narrow klass base: 0x0000000000000000, Narrow klass shift: 3
Compressed class space size: 1073741824 Address: 0x0000000100000000

Heap:
 garbage-first heap   total 65536K, used 1024K [0x00000000c1600000, 0x0000000100000000)
  region size 1024K, 2 young (2048K), 0 survivors (0K)
 Metaspace       used 6127K, capacity 6214K, committed 6272K, reserved 1056768K
  class space    used 550K, capacity 585K, committed 640K, reserved 1048576K
Heap Regions: E=young(eden), S=young(survivor), O=old, HS=humongous(starts), HC=humongous(continues), CS=collection set, F=free, A=archive, TAMS=top-at-mark-start (previous, next)
|   0|0x00000000c1600000, 0x00000000c1600000, 0x00000000c1700000|  0%| F|  |TAMS 0x00000000c1600000, 0x00000000c1600000| Untracked 
|   1|0x00000000c1700000, 0x00000000c1700000, 0x00000000c1800000|  0%| F|  |TAMS 0x00000000c1700000, 0x00000000c1700000| Untracked 
|   2|0x00000000c1800000, 0x00000000c1800000, 0x00000000c1900000|  0%| F|  |TAMS 0x00000000c1800000, 0x00000000c1800000| Untracked 
|   3|0x00000000c1900000, 0x00000000c1900000, 0x00000000c1a00000|  0%| F|  |TAMS 0x00000000c1900000, 0x00000000c1900000| Untracked 
|   4|0x00000000c1a00000, 0x00000000c1a00000, 0x00000000c1b00000|  0%| F|  |TAMS 0x00000000c1a00000, 0x00000000c1a00000| Untracked 
|   5|0x00000000c1b00000, 0x00000000c1b00000, 0x00000000c1c00000|  0%| F|  |TAMS 0x00000000c1b00000, 0x00000000c1b00000| Untracked 
|   6|0x00000000c1c00000, 0x00000000c1c00000, 0x00000000c1d00000|  0%| F|  |TAMS 0x00000000c1c00000, 0x00000000c1c00000| Untracked 
|   7|0x00000000c1d00000, 0x00000000c1d00000, 0x00000000c1e00000|  0%| F|  |TAMS 0x00000000c1d00000, 0x00000000c1d00000| Untracked 
|   8|0x00000000c1e00000, 0x00000000c1e00000, 0x00000000c1f00000|  0%| F|  |TAMS 0x00000000c1e00000, 0x00000000c1e00000| Untracked 
|   9|0x00000000c1f00000, 0x00000000c1f00000, 0x00000000c2000000|  0%| F|  |TAMS 0x00000000c1f00000, 0x00000000c1f00000| Untracked 
|  10|0x00000000c2000000, 0x00000000c2000000, 0x00000000c2100000|  0%| F|  |TAMS 0x00000000c2000000, 0x00000000c2000000| Untracked 
|  11|0x00000000c2100000, 0x00000000c2100000, 0x00000000c2200000|  0%| F|  |TAMS 0x00000000c2100000, 0x00000000c2100000| Untracked 
|  12|0x00000000c2200000, 0x00000000c2200000, 0x00000000c2300000|  0%| F|  |TAMS 0x00000000c2200000, 0x00000000c2200000| Untracked 
|  13|0x00000000c2300000, 0x00000000c2300000, 0x00000000c2400000|  0%| F|  |TAMS 0x00000000c2300000, 0x00000000c2300000| Untracked 
|  14|0x00000000c2400000, 0x00000000c2400000, 0x00000000c2500000|  0%| F|  |TAMS 0x00000000c2400000, 0x00000000c2400000| Untracked 
|  15|0x00000000c2500000, 0x00000000c2500000, 0x00000000c2600000|  0%| F|  |TAMS 0x00000000c2500000, 0x00000000c2500000| Untracked 
|  16|0x00000000c2600000, 0x00000000c2600000, 0x00000000c2700000|  0%| F|  |TAMS 0x00000000c2600000, 0x00000000c2600000| Untracked 
|  17|0x00000000c2700000, 0x00000000c2700000, 0x00000000c2800000|  0%| F|  |TAMS 0x00000000c2700000, 0x00000000c2700000| Untracked 
|  18|0x00000000c2800000, 0x00000000c2800000, 0x00000000c2900000|  0%| F|  |TAMS 0x00000000c2800000, 0x00000000c2800000| Untracked 
|  19|0x00000000c2900000, 0x00000000c2900000, 0x00000000c2a00000|  0%| F|  |TAMS 0x00000000c2900000, 0x00000000c2900000| Untracked 
|  20|0x00000000c2a00000, 0x00000000c2a00000, 0x00000000c2b00000|  0%| F|  |TAMS 0x00000000c2a00000, 0x00000000c2a00000| Untracked 
|  21|0x00000000c2b00000, 0x00000000c2b00000, 0x00000000c2c00000|  0%| F|  |TAMS 0x00000000c2b00000, 0x00000000c2b00000| Untracked 
|  22|0x00000000c2c00000, 0x00000000c2c00000, 0x00000000c2d00000|  0%| F|  |TAMS 0x00000000c2c00000, 0x00000000c2c00000| Untracked 
|  23|0x00000000c2d00000, 0x00000000c2d00000, 0x00000000c2e00000|  0%| F|  |TAMS 0x00000000c2d00000, 0x00000000c2d00000| Untracked 
|  24|0x00000000c2e00000, 0x00000000c2e00000, 0x00000000c2f00000|  0%| F|  |TAMS 0x00000000c2e00000, 0x00000000c2e00000| Untracked 
|  25|0x00000000c2f00000, 0x00000000c2f00000, 0x00000000c3000000|  0%| F|  |TAMS 0x00000000c2f00000, 0x00000000c2f00000| Untracked 
|  26|0x00000000c3000000, 0x00000000c3000000, 0x00000000c3100000|  0%| F|  |TAMS 0x00000000c3000000, 0x00000000c3000000| Untracked 
|  27|0x00000000c3100000, 0x00000000c3100000, 0x00000000c3200000|  0%| F|  |TAMS 0x00000000c3100000, 0x00000000c3100000| Untracked 
|  28|0x00000000c3200000, 0x00000000c3200000, 0x00000000c3300000|  0%| F|  |TAMS 0x00000000c3200000, 0x00000000c3200000| Untracked 
|  29|0x00000000c3300000, 0x00000000c3300000, 0x00000000c3400000|  0%| F|  |TAMS 0x00000000c3300000, 0x00000000c3300000| Untracked 
|  30|0x00000000c3400000, 0x00000000c3400000, 0x00000000c3500000|  0%| F|  |TAMS 0x00000000c3400000, 0x00000000c3400000| Untracked 
|  31|0x00000000c3500000, 0x00000000c3500000, 0x00000000c3600000|  0%| F|  |TAMS 0x00000000c3500000, 0x00000000c3500000| Untracked 
|  32|0x00000000c3600000, 0x00000000c3600000, 0x00000000c3700000|  0%| F|  |TAMS 0x00000000c3600000, 0x00000000c3600000| Untracked 
|  33|0x00000000c3700000, 0x00000000c3700000, 0x00000000c3800000|  0%| F|  |TAMS 0x00000000c3700000, 0x00000000c3700000| Untracked 
|  34|0x00000000c3800000, 0x00000000c3800000, 0x00000000c3900000|  0%| F|  |TAMS 0x00000000c3800000, 0x00000000c3800000| Untracked 
|  35|0x00000000c3900000, 0x00000000c3900000, 0x00000000c3a00000|  0%| F|  |TAMS 0x00000000c3900000, 0x00000000c3900000| Untracked 
|  36|0x00000000c3a00000, 0x00000000c3a00000, 0x00000000c3b00000|  0%| F|  |TAMS 0x00000000c3a00000, 0x00000000c3a00000| Untracked 
|  37|0x00000000c3b00000, 0x00000000c3b00000, 0x00000000c3c00000|  0%| F|  |TAMS 0x00000000c3b00000, 0x00000000c3b00000| Untracked 
|  38|0x00000000c3c00000, 0x00000000c3c00000, 0x00000000c3d00000|  0%| F|  |TAMS 0x00000000c3c00000, 0x00000000c3c00000| Untracked 
|  39|0x00000000c3d00000, 0x00000000c3d00000, 0x00000000c3e00000|  0%| F|  |TAMS 0x00000000c3d00000, 0x00000000c3d00000| Untracked 
|  40|0x00000000c3e00000, 0x00000000c3e00000, 0x00000000c3f00000|  0%| F|  |TAMS 0x00000000c3e00000, 0x00000000c3e00000| Untracked 
|  41|0x00000000c3f00000, 0x00000000c3f00000, 0x00000000c4000000|  0%| F|  |TAMS 0x00000000c3f00000, 0x00000000c3f00000| Untracked 
|  42|0x00000000c4000000, 0x00000000c4000000, 0x00000000c4100000|  0%| F|  |TAMS 0x00000000c4000000, 0x00000000c4000000| Untracked 
|  43|0x00000000c4100000, 0x00000000c4100000, 0x00000000c4200000|  0%| F|  |TAMS 0x00000000c4100000, 0x00000000c4100000| Untracked 
|  44|0x00000000c4200000, 0x00000000c4200000, 0x00000000c4300000|  0%| F|  |TAMS 0x00000000c4200000, 0x00000000c4200000| Untracked 
|  45|0x00000000c4300000, 0x00000000c4300000, 0x00000000c4400000|  0%| F|  |TAMS 0x00000000c4300000, 0x00000000c4300000| Untracked 
|  46|0x00000000c4400000, 0x00000000c4400000, 0x00000000c4500000|  0%| F|  |TAMS 0x00000000c4400000, 0x00000000c4400000| Untracked 
|  47|0x00000000c4500000, 0x00000000c4500000, 0x00000000c4600000|  0%| F|  |TAMS 0x00000000c4500000, 0x00000000c4500000| Untracked 
|  48|0x00000000c4600000, 0x00000000c4600000, 0x00000000c4700000|  0%| F|  |TAMS 0x00000000c4600000, 0x00000000c4600000| Untracked 
|  49|0x00000000c4700000, 0x00000000c4700000, 0x00000000c4800000|  0%| F|  |TAMS 0x00000000c4700000, 0x00000000c4700000| Untracked 
|  50|0x00000000c4800000, 0x00000000c4800000, 0x00000000c4900000|  0%| F|  |TAMS 0x00000000c4800000, 0x00000000c4800000| Untracked 
|  51|0x00000000c4900000, 0x00000000c4900000, 0x00000000c4a00000|  0%| F|  |TAMS 0x00000000c4900000, 0x00000000c4900000| Untracked 
|  52|0x00000000c4a00000, 0x00000000c4a00000, 0x00000000c4b00000|  0%| F|  |TAMS 0x00000000c4a00000, 0x00000000c4a00000| Untracked 
|  53|0x00000000c4b00000, 0x00000000c4b00000, 0x00000000c4c00000|  0%| F|  |TAMS 0x00000000c4b00000, 0x00000000c4b00000| Untracked 
|  54|0x00000000c4c00000, 0x00000000c4c00000, 0x00000000c4d00000|  0%| F|  |TAMS 0x00000000c4c00000, 0x00000000c4c00000| Untracked 
|  55|0x00000000c4d00000, 0x00000000c4d00000, 0x00000000c4e00000|  0%| F|  |TAMS 0x00000000c4d00000, 0x00000000c4d00000| Untracked 
|  56|0x00000000c4e00000, 0x00000000c4e00000, 0x00000000c4f00000|  0%| F|  |TAMS 0x00000000c4e00000, 0x00000000c4e00000| Untracked 
|  57|0x00000000c4f00000, 0x00000000c4f00000, 0x00000000c5000000|  0%| F|  |TAMS 0x00000000c4f00000, 0x00000000c4f00000| Untracked 
|  58|0x00000000c5000000, 0x00000000c5000000, 0x00000000c5100000|  0%| F|  |TAMS 0x00000000c5000000, 0x00000000c5000000| Untracked 
|  59|0x00000000c5100000, 0x00000000c5100000, 0x00000000c5200000|  0%| F|  |TAMS 0x00000000c5100000, 0x00000000c5100000| Untracked 
|  60|0x00000000c5200000, 0x00000000c5200000, 0x00000000c5300000|  0%| F|  |TAMS 0x00000000c5200000, 0x00000000c5200000| Untracked 
|  61|0x00000000c5300000, 0x00000000c5348530, 0x00000000c5400000| 28%| E|  |TAMS 0x00000000c5300000, 0x00000000c5300000| Complete 
|  62|0x00000000c5400000, 0x00000000c5500000, 0x00000000c5500000|100%| E|CS|TAMS 0x00000000c5400000, 0x00000000c5400000| Complete 
|  63|0x00000000c5500000, 0x00000000c5600000, 0x00000000c5600000|100%| E|CS|TAMS 0x00000000c5500000, 0x00000000c5500000| Complete 

Card table byte_map: [0x000001b7be470000,0x000001b7be670000] _byte_map_base: 0x000001b7bde65000

Marking Bits (Prev, Next): (CMBitMap*) 0x000001b7a7be18c8, (CMBitMap*) 0x000001b7a7be1900
 Prev Bits: [0x000001b7be870000, 0x000001b7bf818000)
 Next Bits: [0x000001b7bf820000, 0x000001b7c07c8000)

Polling page: 0x000001b7a5bb0000

Metaspace:

Usage:
  Non-class:      5.50 MB capacity,     5.46 MB (>99%) used,    43.07 KB ( <1%) free+waste,     5.19 KB ( <1%) overhead. 
      Class:    589.00 KB capacity,   552.78 KB ( 94%) used,    33.34 KB (  6%) free+waste,     2.88 KB ( <1%) overhead. 
       Both:      6.08 MB capacity,     6.00 MB ( 99%) used,    76.41 KB (  1%) free+waste,     8.06 KB ( <1%) overhead. 

Virtual space:
  Non-class space:        8.00 MB reserved,       5.75 MB ( 72%) committed 
      Class space:        1.00 GB reserved,     640.00 KB ( <1%) committed 
             Both:        1.01 GB reserved,       6.38 MB ( <1%) committed 

Chunk freelists:
   Non-Class:  7.50 KB
       Class:  2.38 KB
        Both:  9.88 KB

CodeHeap 'non-profiled nmethods': size=120064Kb used=53Kb max_used=53Kb free=120010Kb
 bounds [0x000001b7b6d30000, 0x000001b7b6fa0000, 0x000001b7be270000]
CodeHeap 'profiled nmethods': size=120000Kb used=300Kb max_used=300Kb free=119699Kb
 bounds [0x000001b7af800000, 0x000001b7afa70000, 0x000001b7b6d30000]
CodeHeap 'non-nmethods': size=5696Kb used=1044Kb max_used=1055Kb free=4651Kb
 bounds [0x000001b7af270000, 0x000001b7af4e0000, 0x000001b7af800000]
 total_blobs=550 nmethods=223 adapters=239
 compilation: enabled
              stopped_count=0, restarted_count=0
 full_count=0

Compilation events (10 events):
Event: 0.795 Thread 0x000001b7c34e4800 nmethod 192 0x000001b7b6d3b710 code [0x000001b7b6d3b8a0, 0x000001b7b6d3b958]
Event: 0.795 Thread 0x000001b7c34e4800  193       1       java.util.KeyValueHolder::getValue (5 bytes)
Event: 0.795 Thread 0x000001b7c34e4800 nmethod 193 0x000001b7b6d3ba10 code [0x000001b7b6d3bba0, 0x000001b7b6d3bc58]
Event: 0.795 Thread 0x000001b7c34e4800  194       3       java.util.ImmutableCollections$MapN::probe (60 bytes)
Event: 0.796 Thread 0x000001b7c34e4800 nmethod 194 0x000001b7af840a90 code [0x000001b7af840c80, 0x000001b7af841218]
Event: 0.797 Thread 0x000001b7c34e3800  195       4       java.util.HashMap::putVal (300 bytes)
Event: 0.797 Thread 0x000001b7c34e4800  196       3       jdk.internal.module.ModuleBootstrap$2::hasNext (30 bytes)
Event: 0.797 Thread 0x000001b7c34e4800 nmethod 196 0x000001b7af841490 code [0x000001b7af841640, 0x000001b7af841958]
Event: 0.797 Thread 0x000001b7c34e4800  197       3       jdk.internal.module.ModuleBootstrap$2::next (52 bytes)
Event: 0.798 Thread 0x000001b7c34e4800 nmethod 197 0x000001b7af841a90 code [0x000001b7af841c80, 0x000001b7af842188]

GC Heap History (0 events):
No events

Deoptimization events (0 events):
No events

Classes redefined (0 events):
No events

Internal exceptions (2 events):
Event: 0.567 Thread 0x000001b7a7bba000 Exception <a 'java/lang/NoSuchMethodError'{0x00000000c5427728}: java.lang.invoke.DirectMethodHandle$Holder.invokeSpecial(Ljava/lang/Object;Ljava/lang/Object;Ljava/lang/Object;Ljava/lang/Object;)I> (0x00000000c5427728) thrown at [./open/src/hotspot/share/i
Event: 0.586 Thread 0x000001b7a7bba000 Exception <a 'java/lang/NoSuchMethodError'{0x00000000c542fe10}: java.lang.invoke.DirectMethodHandle$Holder.invokeVirtual(Ljava/lang/Object;Ljava/lang/Object;)V> (0x00000000c542fe10) thrown at [./open/src/hotspot/share/interpreter/linkResolver.cpp, line 77

Events (10 events):
Event: 0.809 loading class jdk/internal/vm/PostVMInitHook$2 done
Event: 0.809 loading class jdk/internal/util/EnvUtils
Event: 0.809 loading class jdk/internal/util/EnvUtils done
Event: 0.809 loading class jdk/internal/vm/PostVMInitHook$1
Event: 0.809 loading class jdk/internal/vm/PostVMInitHook$1 done
Event: 0.810 loading class sun/launcher/LauncherHelper
Event: 0.811 loading class sun/launcher/LauncherHelper done
Event: 0.812 loading class jdk/internal/loader/BuiltinClassLoader$5
Event: 0.812 loading class jdk/internal/loader/BuiltinClassLoader$5 done
Event: 0.812 loading class jdk/internal/module/ModuleReferences$ExplodedModuleReader


Dynamic libraries:
0x00007ff602670000 - 0x00007ff60267f000 	C:\Program Files\Java\jdk-11.0.15.1\bin\javaw.exe
0x00007fff0c090000 - 0x00007fff0c285000 	C:\WINDOWS\SYSTEM32\ntdll.dll
0x00007fff0adc0000 - 0x00007fff0ae7d000 	C:\WINDOWS\System32\KERNEL32.DLL
0x00007fff098b0000 - 0x00007fff09b7d000 	C:\WINDOWS\System32\KERNELBASE.dll
0x00007fff09b80000 - 0x00007fff09c80000 	C:\WINDOWS\System32\ucrtbase.dll
0x00007fff01830000 - 0x00007fff01848000 	C:\Program Files\Java\jdk-11.0.15.1\bin\jli.dll
0x00007fff0ad10000 - 0x00007fff0adbe000 	C:\WINDOWS\System32\ADVAPI32.dll
0x00007ffed3730000 - 0x00007ffed3745000 	C:\Program Files\Java\jdk-11.0.15.1\bin\VCRUNTIME140.dll
0x00007fff0b3a0000 - 0x00007fff0b43e000 	C:\WINDOWS\System32\msvcrt.dll
0x00007fff0a370000 - 0x00007fff0a40c000 	C:\WINDOWS\System32\sechost.dll
0x00007fff0ab80000 - 0x00007fff0aca5000 	C:\WINDOWS\System32\RPCRT4.dll
0x00007fff0a9e0000 - 0x00007fff0ab80000 	C:\WINDOWS\System32\USER32.dll
0x00007fff09d40000 - 0x00007fff09d62000 	C:\WINDOWS\System32\win32u.dll
0x00007fff0a0e0000 - 0x00007fff0a10a000 	C:\WINDOWS\System32\GDI32.dll
0x00007ffef5960000 - 0x00007ffef5bfa000 	C:\WINDOWS\WinSxS\amd64_microsoft.windows.common-controls_6595b64144ccf1df_6.0.19041.1110_none_60b5254171f9507e\COMCTL32.dll
0x00007fff097a0000 - 0x00007fff098ab000 	C:\WINDOWS\System32\gdi32full.dll
0x00007fff09f80000 - 0x00007fff0a01d000 	C:\WINDOWS\System32\msvcp_win.dll
0x00007ffef5fe0000 - 0x00007ffef5fea000 	C:\WINDOWS\SYSTEM32\VERSION.dll
0x00007fff0a9b0000 - 0x00007fff0a9e0000 	C:\WINDOWS\System32\IMM32.DLL
0x00007ffecc200000 - 0x00007ffecc29b000 	C:\Program Files\Java\jdk-11.0.15.1\bin\msvcp140.dll
0x00007ffedb4d0000 - 0x00007ffedbfe6000 	C:\Program Files\Java\jdk-11.0.15.1\bin\server\jvm.dll
0x00007fff0a2f0000 - 0x00007fff0a2f8000 	C:\WINDOWS\System32\PSAPI.DLL
0x00007ffef61b0000 - 0x00007ffef61b9000 	C:\WINDOWS\SYSTEM32\WSOCK32.dll
0x00007fff0a300000 - 0x00007fff0a36b000 	C:\WINDOWS\System32\WS2_32.dll
0x00007ffef7240000 - 0x00007ffef7267000 	C:\WINDOWS\SYSTEM32\WINMM.dll
0x00007fff08030000 - 0x00007fff08042000 	C:\WINDOWS\SYSTEM32\kernel.appcore.dll
0x00007fff03100000 - 0x00007fff03110000 	C:\Program Files\Java\jdk-11.0.15.1\bin\verify.dll
0x00007fff07d40000 - 0x00007fff07f24000 	C:\WINDOWS\SYSTEM32\DBGHELP.DLL
0x00007ffef4550000 - 0x00007ffef457c000 	C:\WINDOWS\SYSTEM32\dbgcore.DLL
0x00007fff09c80000 - 0x00007fff09d02000 	C:\WINDOWS\System32\bcryptPrimitives.dll
0x00007ffedb4a0000 - 0x00007ffedb4c8000 	C:\Program Files\Java\jdk-11.0.15.1\bin\java.dll
0x00007fff028a0000 - 0x00007fff028aa000 	C:\Program Files\Java\jdk-11.0.15.1\bin\jimage.dll
0x00007ffef0360000 - 0x00007ffef0376000 	C:\Program Files\Java\jdk-11.0.15.1\bin\zip.dll
0x00007fff0b790000 - 0x00007fff0bed4000 	C:\WINDOWS\System32\SHELL32.dll
0x00007fff074d0000 - 0x00007fff07c64000 	C:\WINDOWS\SYSTEM32\windows.storage.dll
0x00007fff0aea0000 - 0x00007fff0b1f4000 	C:\WINDOWS\System32\combase.dll
0x00007fff09200000 - 0x00007fff0922c000 	C:\WINDOWS\SYSTEM32\Wldp.dll
0x00007fff0a110000 - 0x00007fff0a1bd000 	C:\WINDOWS\System32\SHCORE.dll
0x00007fff0acb0000 - 0x00007fff0ad05000 	C:\WINDOWS\System32\shlwapi.dll
0x00007fff096e0000 - 0x00007fff096ff000 	C:\WINDOWS\SYSTEM32\profapi.dll
0x00007ffee2050000 - 0x00007ffee2069000 	C:\Program Files\Java\jdk-11.0.15.1\bin\net.dll
0x00007fff01720000 - 0x00007fff0182a000 	C:\WINDOWS\SYSTEM32\WINHTTP.dll
0x00007fff08f60000 - 0x00007fff08fca000 	C:\WINDOWS\system32\mswsock.dll
0x00007ffee1a80000 - 0x00007ffee1a92000 	C:\Program Files\Java\jdk-11.0.15.1\bin\nio.dll

dbghelp: loaded successfully - version: 4.0.5 - missing functions: none
symbol engine: initialized successfully - sym options: 0x614 - pdb path: .;C:\Program Files\Java\jdk-11.0.15.1\bin;C:\WINDOWS\SYSTEM32;C:\WINDOWS\WinSxS\amd64_microsoft.windows.common-controls_6595b64144ccf1df_6.0.19041.1110_none_60b5254171f9507e;C:\Program Files\Java\jdk-11.0.15.1\bin\server

VM Arguments:
jvm_args: -Dfile.encoding=MS949 --module-path=C:\Users\user\OneDrive\Desktop\EN#프로젝트\CMDproject\bin -Djdk.module.main=CMD 
java_command: CMD/start.StartCmd
java_class_path (initial): <not set>
Launcher Type: SUN_STANDARD

[Global flags]
     intx CICompilerCount                          = 3                                         {product} {ergonomic}
     uint ConcGCThreads                            = 1                                         {product} {ergonomic}
     uint G1ConcRefinementThreads                  = 4                                         {product} {ergonomic}
   size_t G1HeapRegionSize                         = 1048576                                   {product} {ergonomic}
    uintx GCDrainStackTargetSize                   = 64                                        {product} {ergonomic}
   size_t InitialHeapSize                          = 67108864                                  {product} {ergonomic}
   size_t MarkStackSize                            = 4194304                                   {product} {ergonomic}
   size_t MaxHeapSize                              = 1050673152                                {product} {ergonomic}
   size_t MaxNewSize                               = 630194176                                 {product} {ergonomic}
   size_t MinHeapDeltaBytes                        = 1048576                                   {product} {ergonomic}
    uintx NonNMethodCodeHeapSize                   = 5830732                                {pd product} {ergonomic}
    uintx NonProfiledCodeHeapSize                  = 122913754                              {pd product} {ergonomic}
    uintx ProfiledCodeHeapSize                     = 122913754                              {pd product} {ergonomic}
    uintx ReservedCodeCacheSize                    = 251658240                              {pd product} {ergonomic}
     bool SegmentedCodeCache                       = true                                      {product} {ergonomic}
     bool UseCompressedClassPointers               = true                                 {lp64_product} {ergonomic}
     bool UseCompressedOops                        = true                                 {lp64_product} {ergonomic}
     bool UseG1GC                                  = true                                      {product} {ergonomic}
     bool UseLargePagesIndividualAllocation        = false                                  {pd product} {ergonomic}

Logging:
Log output configuration:
 #0: stdout all=warning uptime,level,tags
 #1: stderr all=off uptime,level,tags

Environment Variables:
JAVA_HOME=C:\Program Files\Java\jdk1.8.0_221
PATH=C:/Program Files/Java/jdk-11.0.15.1/bin/server;C:/Program Files/Java/jdk-11.0.15.1/bin;C:\Program Files\Common Files\Oracle\Java\javapath;"C:\Program Files (x86)\Intel\iCLS Client\;C:\Program Files\Java\jdk1.8.0_221\bin;";C:\Program Files\Intel\iCLS Client\;C:\WINDOWS\system32;C:\WINDOWS;C:\WINDOWS\System32\Wbem;C:\WINDOWS\System32\WindowsPowerShell\v1.0\;C:\Program Files (x86)\Intel\Intel(R) Management Engine Components\DAL;C:\Program Files\Intel\Intel(R) Management Engine Components\DAL;C:\Program Files (x86)\Intel\Intel(R) Management Engine Components\IPT;C:\Program Files\Intel\Intel(R) Management Engine Components\IPT;C:\Program Files\Intel\WiFi\bin\;C:\Program Files\Common Files\Intel\WirelessCommon\;C:\WINDOWS\System32\OpenSSH\;C:\Program Files\Java\jdk1.8.0_221\bin;C:\Program Files\Git\cmd;C:\Program Files\dotnet\;C:\Program Files\MySQL\MySQL Shell 8.0\bin\;C:\Users\user\AppData\Local\Microsoft\WindowsApps;C:\Users\user\AppData\Local\atom\bin;C:\Users\user\AppData\Local\Microsoft\WindowsApps;C:\Users\user\.dotnet\tools;C:\Users\user\OneDrive\Desktop;
USERNAME=user
OS=Windows_NT
PROCESSOR_IDENTIFIER=Intel64 Family 6 Model 142 Stepping 9, GenuineIntel



---------------  S Y S T E M  ---------------

OS: Windows 10 , 64 bit Build 19041 (10.0.19041.1706)

CPU:total 4 (initial active 4) (2 cores per cpu, 2 threads per core) family 6 model 142 stepping 9 microcode 0xb4, cmov, cx8, fxsr, mmx, sse, sse2, sse3, ssse3, sse4.1, sse4.2, popcnt, avx, avx2, aes, clmul, erms, 3dnowpref, lzcnt, ht, tsc, tscinvbit, bmi1, bmi2, adx, fma

Memory: 4k page, system-wide physical 4005M (407M free)
TotalPageFile size 16293M (AvailPageFile size 0M)
current process WorkingSet (physical memory assigned to process): 34M, peak: 34M
current process commit charge ("private bytes"): 131M, peak: 131M

vm_info: Java HotSpot(TM) 64-Bit Server VM (11.0.15.1+2-LTS-10) for windows-amd64 JRE (11.0.15.1+2-LTS-10), built on Apr 25 2022 21:51:57 by "mach5one" with MS VC++ 15.9 (VS2017)

END.
