#
# There is insufficient memory for the Java Runtime Environment to continue.
# Native memory allocation (malloc) failed to allocate 284016 bytes for Chunk::new
# Possible reasons:
#   The system is out of physical RAM or swap space
#   The process is running with CompressedOops enabled, and the Java Heap may be blocking the growth of the native heap
# Possible solutions:
#   Reduce memory load on the system
#   Increase physical memory or swap space
#   Check if swap backing store is full
#   Decrease Java heap size (-Xmx/-Xms)
#   Decrease number of Java threads
#   Decrease Java thread stack sizes (-Xss)
#   Set larger code cache with -XX:ReservedCodeCacheSize=
#   JVM is running with Unscaled Compressed Oops mode in which the Java heap is
#     placed in the first 4GB address space. The Java Heap base address is the
#     maximum limit for the native heap growth. Please use -XX:HeapBaseMinAddress
#     to set the Java Heap base and to place the Java Heap above 4GB virtual address.
# This output file may be truncated or incomplete.
#
#  Out of Memory Error (./open/src/hotspot/share/memory/arena.cpp:197), pid=22492, tid=26456
#
# JRE version: Java(TM) SE Runtime Environment 18.9 (11.0.15.1+2) (build 11.0.15.1+2-LTS-10)
# Java VM: Java HotSpot(TM) 64-Bit Server VM 18.9 (11.0.15.1+2-LTS-10, mixed mode, tiered, compressed oops, g1 gc, windows-amd64)
# No core dump will be written. Minidumps are not enabled by default on client versions of Windows
#

---------------  S U M M A R Y ------------

Command Line: -Dfile.encoding=MS949 --module-path=C:\Users\user\OneDrive\Desktop\EN#프로젝트\CMDproject\bin -Djdk.module.main=CMD CMD/start.StartCmd

Host: Intel(R) Core(TM) i3-7100U CPU @ 2.40GHz, 4 cores, 3G,  Windows 10 , 64 bit Build 19041 (10.0.19041.1706)
Time: Tue May 31 09:46:50 2022 대한민국 표준시 elapsed time: 30106.754347 seconds (0d 8h 21m 46s)

---------------  T H R E A D  ---------------

Current thread (0x00000296f8ab9000):  JavaThread "C2 CompilerThread0" daemon [_thread_in_native, id=26456, stack(0x000000d0eaa00000,0x000000d0eab00000)]


Current CompileTask:
C2:30106754  292       4       java.util.HashMap::putVal (300 bytes)

Stack: [0x000000d0eaa00000,0x000000d0eab00000]
Native frames: (J=compiled Java code, j=interpreted, Vv=VM code, C=native code)
V  [jvm.dll+0x629d8a]
V  [jvm.dll+0x7638ff]
V  [jvm.dll+0x764fa9]
V  [jvm.dll+0x765633]
V  [jvm.dll+0x23d9c8]
V  [jvm.dll+0xb2a1c]
V  [jvm.dll+0xb2fdc]
V  [jvm.dll+0x341002]
V  [jvm.dll+0x30e9b3]
V  [jvm.dll+0x30dcfa]
V  [jvm.dll+0x1f8565]
V  [jvm.dll+0x1f774d]
V  [jvm.dll+0x177c51]
V  [jvm.dll+0x207026]
V  [jvm.dll+0x2051bb]
V  [jvm.dll+0x729820]
V  [jvm.dll+0x7223f4]
V  [jvm.dll+0x628c26]
C  [ucrtbase.dll+0x21bb2]
C  [KERNEL32.DLL+0x17034]
C  [ntdll.dll+0x52651]


---------------  P R O C E S S  ---------------

Threads class SMR info:
_java_thread_list=0x00000296f8ee8720, length=10, elements={
0x00000296f8a1c000, 0x00000296f8a45800, 0x00000296f8aad000, 0x00000296f8aae000,
0x00000296f8aaf000, 0x00000296f8ab9000, 0x00000296f8bd0000, 0x00000296f8bd3000,
0x00000296f8cce000, 0x00000296eba02800
}

Java Threads: ( => current thread )
  0x00000296f8a1c000 JavaThread "Reference Handler" daemon [_thread_blocked, id=29288, stack(0x000000d0ea500000,0x000000d0ea600000)]
  0x00000296f8a45800 JavaThread "Finalizer" daemon [_thread_blocked, id=22764, stack(0x000000d0ea600000,0x000000d0ea700000)]
  0x00000296f8aad000 JavaThread "Signal Dispatcher" daemon [_thread_blocked, id=10800, stack(0x000000d0ea700000,0x000000d0ea800000)]
  0x00000296f8aae000 JavaThread "Attach Listener" daemon [_thread_blocked, id=26940, stack(0x000000d0ea800000,0x000000d0ea900000)]
  0x00000296f8aaf000 JavaThread "Service Thread" daemon [_thread_blocked, id=28668, stack(0x000000d0ea900000,0x000000d0eaa00000)]
=>0x00000296f8ab9000 JavaThread "C2 CompilerThread0" daemon [_thread_in_native, id=26456, stack(0x000000d0eaa00000,0x000000d0eab00000)]
  0x00000296f8bd0000 JavaThread "C1 CompilerThread0" daemon [_thread_blocked, id=27324, stack(0x000000d0eab00000,0x000000d0eac00000)]
  0x00000296f8bd3000 JavaThread "Sweeper thread" daemon [_thread_blocked, id=28160, stack(0x000000d0eac00000,0x000000d0ead00000)]
  0x00000296f8cce000 JavaThread "Common-Cleaner" daemon [_thread_blocked, id=26220, stack(0x000000d0ead00000,0x000000d0eae00000)]
  0x00000296eba02800 JavaThread "DestroyJavaVM" [_thread_blocked, id=22784, stack(0x000000d0e9e00000,0x000000d0e9f00000)]

Other Threads:
  0x00000296f8a19000 VMThread "VM Thread" [stack: 0x000000d0ea400000,0x000000d0ea500000] [id=24900]
  0x00000296f8dca800 WatcherThread [stack: 0x000000d0eae00000,0x000000d0eaf00000] [id=26492]
  0x00000296eba18800 GCTaskThread "GC Thread#0" [stack: 0x000000d0e9f00000,0x000000d0ea000000] [id=28116]
  0x00000296eba35000 ConcurrentGCThread "G1 Main Marker" [stack: 0x000000d0ea000000,0x000000d0ea100000] [id=1592]
  0x00000296eba37000 ConcurrentGCThread "G1 Conc#0" [stack: 0x000000d0ea100000,0x000000d0ea200000] [id=25968]
  0x00000296eba8f000 ConcurrentGCThread "G1 Refine#0" [stack: 0x000000d0ea200000,0x000000d0ea300000] [id=15208]
  0x00000296eba94800 ConcurrentGCThread "G1 Young RemSet Sampling" [stack: 0x000000d0ea300000,0x000000d0ea400000] [id=11764]

Threads with active compile tasks:
C2 CompilerThread030106954  292       4       java.util.HashMap::putVal (300 bytes)

VM state:not at safepoint (normal execution)

VM Mutex/Monitor currently owned by a thread: None

Heap address: 0x00000000c1600000, size: 1002 MB, Compressed Oops mode: 32-bit
Narrow klass base: 0x0000000000000000, Narrow klass shift: 3
Compressed class space size: 1073741824 Address: 0x0000000100000000

Heap:
 garbage-first heap   total 65536K, used 2048K [0x00000000c1600000, 0x0000000100000000)
  region size 1024K, 3 young (3072K), 0 survivors (0K)
 Metaspace       used 7467K, capacity 7696K, committed 7936K, reserved 1056768K
  class space    used 687K, capacity 742K, committed 768K, reserved 1048576K
Heap Regions: E=young(eden), S=young(survivor), O=old, HS=humongous(starts), HC=humongous(continues), CS=collection set, F=free, A=archive, TAMS=top-at-mark-start (previous, next)
|   0|0x00000000c1600000, 0x00000000c1600000, 0x00000000c1700000|  0%| F|  |TAMS 0x00000000c1600000, 0x00000000c1600000| Untracked 
|   1|0x00000000c1700000, 0x00000000c1700000, 0x00000000c1800000|  0%| F|  |TAMS 0x00000000c1700000, 0x00000000c1700000| Untracked 
|   2|0x00000000c1800000, 0x00000000c1800000, 0x00000000c1900000|  0%| F|  |TAMS 0x00000000c1800000, 0x00000000c1800000| Untracked 
|   3|0x00000000c1900000, 0x00000000c1900000, 0x00000000c1a00000|  0%| F|  |TAMS 0x00000000c1900000, 0x00000000c1900000| Untracked 
|   4|0x00000000c1a00000, 0x00000000c1a00000, 0x00000000c1b00000|  0%| F|  |TAMS 0x00000000c1a00000, 0x00000000c1a00000| Untracked 
|   5|0x00000000c1b00000, 0x00000000c1b00000, 0x00000000c1c00000|  0%| F|  |TAMS 0x00000000c1b00000, 0x00000000c1b00000| Untracked 
|   6|0x00000000c1c00000, 0x00000000c1c00000, 0x00000000c1d00000|  0%| F|  |TAMS 0x00000000c1c00000, 0x00000000c1c00000| Untracked 
|   7|0x00000000c1d00000, 0x00000000c1d00000, 0x00000000c1e00000|  0%| F|  |TAMS 0x00000000c1d00000, 0x00000000c1d00000| Untracked 
|   8|0x00000000c1e00000, 0x00000000c1e00000, 0x00000000c1f00000|  0%| F|  |TAMS 0x00000000c1e00000, 0x00000000c1e00000| Untracked 
|   9|0x00000000c1f00000, 0x00000000c1f00000, 0x00000000c2000000|  0%| F|  |TAMS 0x00000000c1f00000, 0x00000000c1f00000| Untracked 
|  10|0x00000000c2000000, 0x00000000c2000000, 0x00000000c2100000|  0%| F|  |TAMS 0x00000000c2000000, 0x00000000c2000000| Untracked 
|  11|0x00000000c2100000, 0x00000000c2100000, 0x00000000c2200000|  0%| F|  |TAMS 0x00000000c2100000, 0x00000000c2100000| Untracked 
|  12|0x00000000c2200000, 0x00000000c2200000, 0x00000000c2300000|  0%| F|  |TAMS 0x00000000c2200000, 0x00000000c2200000| Untracked 
|  13|0x00000000c2300000, 0x00000000c2300000, 0x00000000c2400000|  0%| F|  |TAMS 0x00000000c2300000, 0x00000000c2300000| Untracked 
|  14|0x00000000c2400000, 0x00000000c2400000, 0x00000000c2500000|  0%| F|  |TAMS 0x00000000c2400000, 0x00000000c2400000| Untracked 
|  15|0x00000000c2500000, 0x00000000c2500000, 0x00000000c2600000|  0%| F|  |TAMS 0x00000000c2500000, 0x00000000c2500000| Untracked 
|  16|0x00000000c2600000, 0x00000000c2600000, 0x00000000c2700000|  0%| F|  |TAMS 0x00000000c2600000, 0x00000000c2600000| Untracked 
|  17|0x00000000c2700000, 0x00000000c2700000, 0x00000000c2800000|  0%| F|  |TAMS 0x00000000c2700000, 0x00000000c2700000| Untracked 
|  18|0x00000000c2800000, 0x00000000c2800000, 0x00000000c2900000|  0%| F|  |TAMS 0x00000000c2800000, 0x00000000c2800000| Untracked 
|  19|0x00000000c2900000, 0x00000000c2900000, 0x00000000c2a00000|  0%| F|  |TAMS 0x00000000c2900000, 0x00000000c2900000| Untracked 
|  20|0x00000000c2a00000, 0x00000000c2a00000, 0x00000000c2b00000|  0%| F|  |TAMS 0x00000000c2a00000, 0x00000000c2a00000| Untracked 
|  21|0x00000000c2b00000, 0x00000000c2b00000, 0x00000000c2c00000|  0%| F|  |TAMS 0x00000000c2b00000, 0x00000000c2b00000| Untracked 
|  22|0x00000000c2c00000, 0x00000000c2c00000, 0x00000000c2d00000|  0%| F|  |TAMS 0x00000000c2c00000, 0x00000000c2c00000| Untracked 
|  23|0x00000000c2d00000, 0x00000000c2d00000, 0x00000000c2e00000|  0%| F|  |TAMS 0x00000000c2d00000, 0x00000000c2d00000| Untracked 
|  24|0x00000000c2e00000, 0x00000000c2e00000, 0x00000000c2f00000|  0%| F|  |TAMS 0x00000000c2e00000, 0x00000000c2e00000| Untracked 
|  25|0x00000000c2f00000, 0x00000000c2f00000, 0x00000000c3000000|  0%| F|  |TAMS 0x00000000c2f00000, 0x00000000c2f00000| Untracked 
|  26|0x00000000c3000000, 0x00000000c3000000, 0x00000000c3100000|  0%| F|  |TAMS 0x00000000c3000000, 0x00000000c3000000| Untracked 
|  27|0x00000000c3100000, 0x00000000c3100000, 0x00000000c3200000|  0%| F|  |TAMS 0x00000000c3100000, 0x00000000c3100000| Untracked 
|  28|0x00000000c3200000, 0x00000000c3200000, 0x00000000c3300000|  0%| F|  |TAMS 0x00000000c3200000, 0x00000000c3200000| Untracked 
|  29|0x00000000c3300000, 0x00000000c3300000, 0x00000000c3400000|  0%| F|  |TAMS 0x00000000c3300000, 0x00000000c3300000| Untracked 
|  30|0x00000000c3400000, 0x00000000c3400000, 0x00000000c3500000|  0%| F|  |TAMS 0x00000000c3400000, 0x00000000c3400000| Untracked 
|  31|0x00000000c3500000, 0x00000000c3500000, 0x00000000c3600000|  0%| F|  |TAMS 0x00000000c3500000, 0x00000000c3500000| Untracked 
|  32|0x00000000c3600000, 0x00000000c3600000, 0x00000000c3700000|  0%| F|  |TAMS 0x00000000c3600000, 0x00000000c3600000| Untracked 
|  33|0x00000000c3700000, 0x00000000c3700000, 0x00000000c3800000|  0%| F|  |TAMS 0x00000000c3700000, 0x00000000c3700000| Untracked 
|  34|0x00000000c3800000, 0x00000000c3800000, 0x00000000c3900000|  0%| F|  |TAMS 0x00000000c3800000, 0x00000000c3800000| Untracked 
|  35|0x00000000c3900000, 0x00000000c3900000, 0x00000000c3a00000|  0%| F|  |TAMS 0x00000000c3900000, 0x00000000c3900000| Untracked 
|  36|0x00000000c3a00000, 0x00000000c3a00000, 0x00000000c3b00000|  0%| F|  |TAMS 0x00000000c3a00000, 0x00000000c3a00000| Untracked 
|  37|0x00000000c3b00000, 0x00000000c3b00000, 0x00000000c3c00000|  0%| F|  |TAMS 0x00000000c3b00000, 0x00000000c3b00000| Untracked 
|  38|0x00000000c3c00000, 0x00000000c3c00000, 0x00000000c3d00000|  0%| F|  |TAMS 0x00000000c3c00000, 0x00000000c3c00000| Untracked 
|  39|0x00000000c3d00000, 0x00000000c3d00000, 0x00000000c3e00000|  0%| F|  |TAMS 0x00000000c3d00000, 0x00000000c3d00000| Untracked 
|  40|0x00000000c3e00000, 0x00000000c3e00000, 0x00000000c3f00000|  0%| F|  |TAMS 0x00000000c3e00000, 0x00000000c3e00000| Untracked 
|  41|0x00000000c3f00000, 0x00000000c3f00000, 0x00000000c4000000|  0%| F|  |TAMS 0x00000000c3f00000, 0x00000000c3f00000| Untracked 
|  42|0x00000000c4000000, 0x00000000c4000000, 0x00000000c4100000|  0%| F|  |TAMS 0x00000000c4000000, 0x00000000c4000000| Untracked 
|  43|0x00000000c4100000, 0x00000000c4100000, 0x00000000c4200000|  0%| F|  |TAMS 0x00000000c4100000, 0x00000000c4100000| Untracked 
|  44|0x00000000c4200000, 0x00000000c4200000, 0x00000000c4300000|  0%| F|  |TAMS 0x00000000c4200000, 0x00000000c4200000| Untracked 
|  45|0x00000000c4300000, 0x00000000c4300000, 0x00000000c4400000|  0%| F|  |TAMS 0x00000000c4300000, 0x00000000c4300000| Untracked 
|  46|0x00000000c4400000, 0x00000000c4400000, 0x00000000c4500000|  0%| F|  |TAMS 0x00000000c4400000, 0x00000000c4400000| Untracked 
|  47|0x00000000c4500000, 0x00000000c4500000, 0x00000000c4600000|  0%| F|  |TAMS 0x00000000c4500000, 0x00000000c4500000| Untracked 
|  48|0x00000000c4600000, 0x00000000c4600000, 0x00000000c4700000|  0%| F|  |TAMS 0x00000000c4600000, 0x00000000c4600000| Untracked 
|  49|0x00000000c4700000, 0x00000000c4700000, 0x00000000c4800000|  0%| F|  |TAMS 0x00000000c4700000, 0x00000000c4700000| Untracked 
|  50|0x00000000c4800000, 0x00000000c4800000, 0x00000000c4900000|  0%| F|  |TAMS 0x00000000c4800000, 0x00000000c4800000| Untracked 
|  51|0x00000000c4900000, 0x00000000c4900000, 0x00000000c4a00000|  0%| F|  |TAMS 0x00000000c4900000, 0x00000000c4900000| Untracked 
|  52|0x00000000c4a00000, 0x00000000c4a00000, 0x00000000c4b00000|  0%| F|  |TAMS 0x00000000c4a00000, 0x00000000c4a00000| Untracked 
|  53|0x00000000c4b00000, 0x00000000c4b00000, 0x00000000c4c00000|  0%| F|  |TAMS 0x00000000c4b00000, 0x00000000c4b00000| Untracked 
|  54|0x00000000c4c00000, 0x00000000c4c00000, 0x00000000c4d00000|  0%| F|  |TAMS 0x00000000c4c00000, 0x00000000c4c00000| Untracked 
|  55|0x00000000c4d00000, 0x00000000c4d00000, 0x00000000c4e00000|  0%| F|  |TAMS 0x00000000c4d00000, 0x00000000c4d00000| Untracked 
|  56|0x00000000c4e00000, 0x00000000c4e00000, 0x00000000c4f00000|  0%| F|  |TAMS 0x00000000c4e00000, 0x00000000c4e00000| Untracked 
|  57|0x00000000c4f00000, 0x00000000c4f00000, 0x00000000c5000000|  0%| F|  |TAMS 0x00000000c4f00000, 0x00000000c4f00000| Untracked 
|  58|0x00000000c5000000, 0x00000000c5000000, 0x00000000c5100000|  0%| F|  |TAMS 0x00000000c5000000, 0x00000000c5000000| Untracked 
|  59|0x00000000c5100000, 0x00000000c5100000, 0x00000000c5200000|  0%| F|  |TAMS 0x00000000c5100000, 0x00000000c5100000| Untracked 
|  60|0x00000000c5200000, 0x00000000c5200000, 0x00000000c5300000|  0%| F|  |TAMS 0x00000000c5200000, 0x00000000c5200000| Untracked 
|  61|0x00000000c5300000, 0x00000000c5400000, 0x00000000c5400000|100%| E|  |TAMS 0x00000000c5300000, 0x00000000c5300000| Complete 
|  62|0x00000000c5400000, 0x00000000c5500000, 0x00000000c5500000|100%| E|CS|TAMS 0x00000000c5400000, 0x00000000c5400000| Complete 
|  63|0x00000000c5500000, 0x00000000c5600000, 0x00000000c5600000|100%| E|CS|TAMS 0x00000000c5500000, 0x00000000c5500000| Complete 

Card table byte_map: [0x00000296f3910000,0x00000296f3b10000] _byte_map_base: 0x00000296f3305000

Marking Bits (Prev, Next): (CMBitMap*) 0x00000296eba306e8, (CMBitMap*) 0x00000296eba30720
 Prev Bits: [0x00000296f3d10000, 0x00000296f4cb8000)
 Next Bits: [0x00000296f4cc0000, 0x00000296f5c68000)

Polling page: 0x00000296f30c0000

Metaspace:

Usage:
  Non-class:      6.79 MB capacity,     6.62 MB ( 97%) used,   166.25 KB (  2%) free+waste,     8.25 KB ( <1%) overhead. 
      Class:    742.00 KB capacity,   687.52 KB ( 93%) used,    49.98 KB (  7%) free+waste,     4.50 KB ( <1%) overhead. 
       Both:      7.52 MB capacity,     7.29 MB ( 97%) used,   216.23 KB (  3%) free+waste,    12.75 KB ( <1%) overhead. 

Virtual space:
  Non-class space:        8.00 MB reserved,       7.00 MB ( 88%) committed 
      Class space:        1.00 GB reserved,     768.00 KB ( <1%) committed 
             Both:        1.01 GB reserved,       7.75 MB ( <1%) committed 

Chunk freelists:
   Non-Class:  2.75 KB
       Class:  3.25 KB
        Both:  6.00 KB

CodeHeap 'non-profiled nmethods': size=120064Kb used=76Kb max_used=76Kb free=119987Kb
 bounds [0x0000029687ac0000, 0x0000029687d30000, 0x000002968f000000]
CodeHeap 'profiled nmethods': size=120000Kb used=394Kb max_used=394Kb free=119606Kb
 bounds [0x0000029680590000, 0x0000029680800000, 0x0000029687ac0000]
CodeHeap 'non-nmethods': size=5696Kb used=1064Kb max_used=1076Kb free=4631Kb
 bounds [0x0000029680000000, 0x0000029680270000, 0x0000029680590000]
 total_blobs=654 nmethods=294 adapters=272
 compilation: enabled
              stopped_count=0, restarted_count=0
 full_count=0

Compilation events (10 events):
Event: 1.860 Thread 0x00000296f8bd0000 nmethod 284 0x00000296805efd90 code [0x00000296805f0020, 0x00000296805f0c28]
Event: 1.863 Thread 0x00000296f8bd0000  288       3       java.lang.invoke.MemberName::isResolved (13 bytes)
Event: 1.863 Thread 0x00000296f8bd0000 nmethod 288 0x00000296805f1090 code [0x00000296805f1220, 0x00000296805f1378]
Event: 1.863 Thread 0x00000296f8bd0000  289       1       java.lang.invoke.MethodTypeForm::basicType (5 bytes)
Event: 1.863 Thread 0x00000296f8bd0000 nmethod 289 0x0000029687ad2b10 code [0x0000029687ad2ca0, 0x0000029687ad2d58]
Event: 1.863 Thread 0x00000296f8bd0000  290       3       java.util.regex.Pattern::has (15 bytes)
Event: 1.863 Thread 0x00000296f8bd0000 nmethod 290 0x00000296805f1410 code [0x00000296805f15a0, 0x00000296805f16f8]
Event: 30106.205 Thread 0x00000296f8ab9000  291       4       sun.nio.cs.DoubleByte$Encoder::encodeChar (21 bytes)
Event: 30106.209 Thread 0x00000296f8ab9000 nmethod 291 0x0000029687ad2e10 code [0x0000029687ad2fa0, 0x0000029687ad3098]
Event: 30106.212 Thread 0x00000296f8ab9000  292       4       java.util.HashMap::putVal (300 bytes)

GC Heap History (0 events):
No events

Deoptimization events (6 events):
Event: 1.141 Thread 0x00000296eba02800 Uncommon trap: reason=unstable_if action=reinterpret pc=0x0000029687ac9394 method=java.lang.String.hashCode()I @ 22 c2
Event: 1.146 Thread 0x00000296eba02800 Uncommon trap: reason=unstable_if action=reinterpret pc=0x0000029687acb84c method=java.lang.String.equals(Ljava/lang/Object;)Z @ 34 c2
Event: 1.279 Thread 0x00000296eba02800 Uncommon trap: reason=class_check action=maybe_recompile pc=0x0000029687acdb50 method=java.util.HashMap.putVal(ILjava/lang/Object;Ljava/lang/Object;ZZ)Ljava/lang/Object; @ 152 c2
Event: 1.279 Thread 0x00000296eba02800 Uncommon trap: reason=class_check action=maybe_recompile pc=0x0000029687acdb50 method=java.util.HashMap.putVal(ILjava/lang/Object;Ljava/lang/Object;ZZ)Ljava/lang/Object; @ 152 c2
Event: 1.279 Thread 0x00000296eba02800 Uncommon trap: reason=class_check action=maybe_recompile pc=0x0000029687acdb50 method=java.util.HashMap.putVal(ILjava/lang/Object;Ljava/lang/Object;ZZ)Ljava/lang/Object; @ 152 c2
Event: 1.279 Thread 0x00000296eba02800 Uncommon trap: reason=class_check action=maybe_recompile pc=0x0000029687acdb50 method=java.util.HashMap.putVal(ILjava/lang/Object;Ljava/lang/Object;ZZ)Ljava/lang/Object; @ 152 c2

Classes redefined (0 events):
No events

Internal exceptions (10 events):
Event: 1.163 Thread 0x00000296eba02800 Exception <a 'java/lang/NoSuchMethodError'{0x00000000c5302b40}: java.lang.invoke.DirectMethodHandle$Holder.invokeSpecialIFC(Ljava/lang/Object;Ljava/lang/Object;I)I> (0x00000000c5302b40) thrown at [./open/src/hotspot/share/interpreter/linkResolver.cpp, lin
Event: 1.343 Thread 0x00000296eba02800 Exception <a 'java/lang/NoSuchMethodError'{0x00000000c5360690}: java.lang.invoke.DirectMethodHandle$Holder.invokeStatic(Ljava/lang/Object;J)V> (0x00000000c5360690) thrown at [./open/src/hotspot/share/interpreter/linkResolver.cpp, line 772]
Event: 1.345 Thread 0x00000296eba02800 Exception <a 'java/lang/NoSuchMethodError'{0x00000000c53655f0}: java.lang.invoke.DirectMethodHandle$Holder.invokeStatic(Ljava/lang/Object;J)Ljava/lang/Object;> (0x00000000c53655f0) thrown at [./open/src/hotspot/share/interpreter/linkResolver.cpp, line 772
Event: 1.373 Thread 0x00000296eba02800 Exception <a 'java/lang/NoSuchMethodError'{0x00000000c5373d50}: java.lang.invoke.DirectMethodHandle$Holder.invokeStaticInit(Ljava/lang/Object;Ljava/lang/Object;JLjava/lang/Object;)Ljava/lang/Object;> (0x00000000c5373d50) thrown at [./open/src/hotspot/shar
Event: 1.374 Thread 0x00000296eba02800 Exception <a 'java/lang/NoSuchMethodError'{0x00000000c53799c8}: java.lang.invoke.DirectMethodHandle$Holder.invokeStatic(Ljava/lang/Object;Ljava/lang/Object;J)Ljava/lang/Object;> (0x00000000c53799c8) thrown at [./open/src/hotspot/share/interpreter/linkReso
Event: 1.376 Thread 0x00000296eba02800 Exception <a 'java/lang/NoSuchMethodError'{0x00000000c537fc98}: java.lang.invoke.Invokers$Holder.linkToTargetMethod(Ljava/lang/Object;JLjava/lang/Object;)Ljava/lang/Object;> (0x00000000c537fc98) thrown at [./open/src/hotspot/share/interpreter/linkResolver
Event: 30106.200 Thread 0x00000296eba02800 Exception <a 'java/io/IOException'{0x00000000c53a9128}> (0x00000000c53a9128) thrown at [./open/src/hotspot/share/prims/jni.cpp, line 611]
Event: 30106.204 Thread 0x00000296eba02800 Exception <a 'java/io/IOException'{0x00000000c53a9988}> (0x00000000c53a9988) thrown at [./open/src/hotspot/share/prims/jni.cpp, line 611]
Event: 30106.205 Thread 0x00000296eba02800 Exception <a 'java/io/IOException'{0x00000000c53a9d58}> (0x00000000c53a9d58) thrown at [./open/src/hotspot/share/prims/jni.cpp, line 611]
Event: 30106.205 Thread 0x00000296eba02800 Exception <a 'java/io/IOException'{0x00000000c53aa0f8}> (0x00000000c53aa0f8) thrown at [./open/src/hotspot/share/prims/jni.cpp, line 611]

Events (10 events):
Event: 30106.140 loading class java/util/NoSuchElementException
Event: 30106.163 loading class java/util/NoSuchElementException done
Event: 30106.200 loading class java/io/InterruptedIOException
Event: 30106.201 loading class java/io/InterruptedIOException done
Event: 30106.201 loading class java/lang/Throwable$WrappedPrintStream
Event: 30106.201 loading class java/lang/Throwable$PrintStreamOrWriter
Event: 30106.202 loading class java/lang/Throwable$PrintStreamOrWriter done
Event: 30106.202 loading class java/lang/Throwable$WrappedPrintStream done
Event: 30106.208 loading class java/lang/StackTraceElement$HashedModules
Event: 30106.209 loading class java/lang/StackTraceElement$HashedModules done


Dynamic libraries:
0x00007ff7a2f30000 - 0x00007ff7a2f3f000 	C:\Program Files\Java\jdk-11.0.15.1\bin\javaw.exe
0x00007ffdf9410000 - 0x00007ffdf9605000 	C:\WINDOWS\SYSTEM32\ntdll.dll
0x00007ffdf7f50000 - 0x00007ffdf800d000 	C:\WINDOWS\System32\KERNEL32.DLL
0x00007ffdf6cb0000 - 0x00007ffdf6f7d000 	C:\WINDOWS\System32\KERNELBASE.dll
0x00007ffdf71b0000 - 0x00007ffdf72b0000 	C:\WINDOWS\System32\ucrtbase.dll
0x00007ffdf14c0000 - 0x00007ffdf14d8000 	C:\Program Files\Java\jdk-11.0.15.1\bin\jli.dll
0x00007ffdf7ae0000 - 0x00007ffdf7b8e000 	C:\WINDOWS\System32\ADVAPI32.dll
0x00007ffdf7e80000 - 0x00007ffdf7f1e000 	C:\WINDOWS\System32\msvcrt.dll
0x00007ffdf8010000 - 0x00007ffdf80ac000 	C:\WINDOWS\System32\sechost.dll
0x00007ffdf8b70000 - 0x00007ffdf8c95000 	C:\WINDOWS\System32\RPCRT4.dll
0x00007ffdf8cf0000 - 0x00007ffdf8e90000 	C:\WINDOWS\System32\USER32.dll
0x00007ffdf70e0000 - 0x00007ffdf7102000 	C:\WINDOWS\System32\win32u.dll
0x00007ffdf7f20000 - 0x00007ffdf7f4a000 	C:\WINDOWS\System32\GDI32.dll
0x00007ffdf72b0000 - 0x00007ffdf73bb000 	C:\WINDOWS\System32\gdi32full.dll
0x00007ffdf73c0000 - 0x00007ffdf745d000 	C:\WINDOWS\System32\msvcp_win.dll
0x00007ffdf2050000 - 0x00007ffdf2065000 	C:\Program Files\Java\jdk-11.0.15.1\bin\VCRUNTIME140.dll
0x00007ffde3da0000 - 0x00007ffde403a000 	C:\WINDOWS\WinSxS\amd64_microsoft.windows.common-controls_6595b64144ccf1df_6.0.19041.1110_none_60b5254171f9507e\COMCTL32.dll
0x00007ffde24b0000 - 0x00007ffde24ba000 	C:\WINDOWS\SYSTEM32\VERSION.dll
0x00007ffdf8cc0000 - 0x00007ffdf8cf0000 	C:\WINDOWS\System32\IMM32.DLL
0x00007ffdbc2a0000 - 0x00007ffdbc33b000 	C:\Program Files\Java\jdk-11.0.15.1\bin\msvcp140.dll
0x00007ffdc1d80000 - 0x00007ffdc2896000 	C:\Program Files\Java\jdk-11.0.15.1\bin\server\jvm.dll
0x00007ffdf7470000 - 0x00007ffdf7478000 	C:\WINDOWS\System32\PSAPI.DLL
0x00007ffde2a70000 - 0x00007ffde2a79000 	C:\WINDOWS\SYSTEM32\WSOCK32.dll
0x00007ffdf7db0000 - 0x00007ffdf7e1b000 	C:\WINDOWS\System32\WS2_32.dll
0x00007ffde4730000 - 0x00007ffde4757000 	C:\WINDOWS\SYSTEM32\WINMM.dll
0x00007ffdf53e0000 - 0x00007ffdf53f2000 	C:\WINDOWS\SYSTEM32\kernel.appcore.dll
0x00007ffdeb270000 - 0x00007ffdeb280000 	C:\Program Files\Java\jdk-11.0.15.1\bin\verify.dll
0x00007ffdf50b0000 - 0x00007ffdf5294000 	C:\WINDOWS\SYSTEM32\DBGHELP.DLL
0x00007ffde06e0000 - 0x00007ffde070c000 	C:\WINDOWS\SYSTEM32\dbgcore.DLL
0x00007ffdf6bd0000 - 0x00007ffdf6c52000 	C:\WINDOWS\System32\bcryptPrimitives.dll
0x00007ffde2c30000 - 0x00007ffde2c58000 	C:\Program Files\Java\jdk-11.0.15.1\bin\java.dll
0x00007ffde7390000 - 0x00007ffde739a000 	C:\Program Files\Java\jdk-11.0.15.1\bin\jimage.dll
0x00007ffde4040000 - 0x00007ffde4056000 	C:\Program Files\Java\jdk-11.0.15.1\bin\zip.dll
0x00007ffdf81a0000 - 0x00007ffdf88e4000 	C:\WINDOWS\System32\SHELL32.dll
0x00007ffdf4850000 - 0x00007ffdf4fe4000 	C:\WINDOWS\SYSTEM32\windows.storage.dll
0x00007ffdf8fc0000 - 0x00007ffdf9314000 	C:\WINDOWS\System32\combase.dll
0x00007ffdf6580000 - 0x00007ffdf65ac000 	C:\WINDOWS\SYSTEM32\Wldp.dll
0x00007ffdf9320000 - 0x00007ffdf93cd000 	C:\WINDOWS\System32\SHCORE.dll
0x00007ffdf7e20000 - 0x00007ffdf7e75000 	C:\WINDOWS\System32\shlwapi.dll
0x00007ffdf6a60000 - 0x00007ffdf6a7f000 	C:\WINDOWS\SYSTEM32\profapi.dll
0x00007ffde3400000 - 0x00007ffde3419000 	C:\Program Files\Java\jdk-11.0.15.1\bin\net.dll
0x00007ffde66d0000 - 0x00007ffde67da000 	C:\WINDOWS\SYSTEM32\WINHTTP.dll
0x00007ffdf62e0000 - 0x00007ffdf634a000 	C:\WINDOWS\system32\mswsock.dll
0x00007ffde2a50000 - 0x00007ffde2a62000 	C:\Program Files\Java\jdk-11.0.15.1\bin\nio.dll

dbghelp: loaded successfully - version: 4.0.5 - missing functions: none
symbol engine: initialized successfully - sym options: 0x614 - pdb path: .;C:\Program Files\Java\jdk-11.0.15.1\bin;C:\WINDOWS\SYSTEM32;C:\WINDOWS\WinSxS\amd64_microsoft.windows.common-controls_6595b64144ccf1df_6.0.19041.1110_none_60b5254171f9507e;C:\Program Files\Java\jdk-11.0.15.1\bin\server

VM Arguments:
jvm_args: -Dfile.encoding=MS949 --module-path=C:\Users\user\OneDrive\Desktop\EN#프로젝트\CMDproject\bin -Djdk.module.main=CMD 
java_command: CMD/start.StartCmd
java_class_path (initial): <not set>
Launcher Type: SUN_STANDARD

[Global flags]
     intx CICompilerCount                          = 3                                         {product} {ergonomic}
     uint ConcGCThreads                            = 1                                         {product} {ergonomic}
     uint G1ConcRefinementThreads                  = 4                                         {product} {ergonomic}
   size_t G1HeapRegionSize                         = 1048576                                   {product} {ergonomic}
    uintx GCDrainStackTargetSize                   = 64                                        {product} {ergonomic}
   size_t InitialHeapSize                          = 67108864                                  {product} {ergonomic}
   size_t MarkStackSize                            = 4194304                                   {product} {ergonomic}
   size_t MaxHeapSize                              = 1050673152                                {product} {ergonomic}
   size_t MaxNewSize                               = 630194176                                 {product} {ergonomic}
   size_t MinHeapDeltaBytes                        = 1048576                                   {product} {ergonomic}
    uintx NonNMethodCodeHeapSize                   = 5830732                                {pd product} {ergonomic}
    uintx NonProfiledCodeHeapSize                  = 122913754                              {pd product} {ergonomic}
    uintx ProfiledCodeHeapSize                     = 122913754                              {pd product} {ergonomic}
    uintx ReservedCodeCacheSize                    = 251658240                              {pd product} {ergonomic}
     bool SegmentedCodeCache                       = true                                      {product} {ergonomic}
     bool UseCompressedClassPointers               = true                                 {lp64_product} {ergonomic}
     bool UseCompressedOops                        = true                                 {lp64_product} {ergonomic}
     bool UseG1GC                                  = true                                      {product} {ergonomic}
     bool UseLargePagesIndividualAllocation        = false                                  {pd product} {ergonomic}

Logging:
Log output configuration:
 #0: stdout all=warning uptime,level,tags
 #1: stderr all=off uptime,level,tags

Environment Variables:
JAVA_HOME=C:\Program Files\Java\jdk1.8.0_221
PATH=C:/Program Files/Java/jdk-11.0.15.1/bin/server;C:/Program Files/Java/jdk-11.0.15.1/bin;C:\Program Files\Common Files\Oracle\Java\javapath;"C:\Program Files (x86)\Intel\iCLS Client\;C:\Program Files\Java\jdk1.8.0_221\bin;";C:\Program Files\Intel\iCLS Client\;C:\WINDOWS\system32;C:\WINDOWS;C:\WINDOWS\System32\Wbem;C:\WINDOWS\System32\WindowsPowerShell\v1.0\;C:\Program Files (x86)\Intel\Intel(R) Management Engine Components\DAL;C:\Program Files\Intel\Intel(R) Management Engine Components\DAL;C:\Program Files (x86)\Intel\Intel(R) Management Engine Components\IPT;C:\Program Files\Intel\Intel(R) Management Engine Components\IPT;C:\Program Files\Intel\WiFi\bin\;C:\Program Files\Common Files\Intel\WirelessCommon\;C:\WINDOWS\System32\OpenSSH\;C:\Program Files\Java\jdk1.8.0_221\bin;C:\Program Files\Git\cmd;C:\Program Files\dotnet\;C:\Program Files\MySQL\MySQL Shell 8.0\bin\;C:\Users\user\AppData\Local\Microsoft\WindowsApps;C:\Users\user\AppData\Local\atom\bin;C:\Users\user\AppData\Local\Microsoft\WindowsApps;C:\Users\user\.dotnet\tools;C:\Users\user\OneDrive\Desktop;
USERNAME=user
OS=Windows_NT
PROCESSOR_IDENTIFIER=Intel64 Family 6 Model 142 Stepping 9, GenuineIntel



---------------  S Y S T E M  ---------------

OS: Windows 10 , 64 bit Build 19041 (10.0.19041.1706)

CPU:total 4 (initial active 4) (2 cores per cpu, 2 threads per core) family 6 model 142 stepping 9 microcode 0xb4, cmov, cx8, fxsr, mmx, sse, sse2, sse3, ssse3, sse4.1, sse4.2, popcnt, avx, avx2, aes, clmul, erms, 3dnowpref, lzcnt, ht, tsc, tscinvbit, bmi1, bmi2, adx, fma

Memory: 4k page, system-wide physical 4005M (1083M free)
TotalPageFile size 16293M (AvailPageFile size 3342M)
current process WorkingSet (physical memory assigned to process): 14M, peak: 36M
current process commit charge ("private bytes"): 132M, peak: 133M

vm_info: Java HotSpot(TM) 64-Bit Server VM (11.0.15.1+2-LTS-10) for windows-amd64 JRE (11.0.15.1+2-LTS-10), built on Apr 25 2022 21:51:57 by "mach5one" with MS VC++ 15.9 (VS2017)

END.
